{"/home/vcruzlabra/carpool-backend/carpool-app/app/controllers/publication.controller.js": {"path":"/home/vcruzlabra/carpool-backend/carpool-app/app/controllers/publication.controller.js","statementMap":{"0":{"start":{"line":1,"column":11},"end":{"line":1,"column":31}},"1":{"start":{"line":2,"column":20},"end":{"line":2,"column":34}},"2":{"start":{"line":3,"column":13},"end":{"line":3,"column":20}},"3":{"start":{"line":4,"column":16},"end":{"line":4,"column":26}},"4":{"start":{"line":5,"column":13},"end":{"line":5,"column":20}},"5":{"start":{"line":6,"column":11},"end":{"line":6,"column":26}},"6":{"start":{"line":9,"column":0},"end":{"line":20,"column":2}},"7":{"start":{"line":10,"column":2},"end":{"line":19,"column":3}},"8":{"start":{"line":11,"column":25},"end":{"line":15,"column":6}},"9":{"start":{"line":16,"column":4},"end":{"line":16,"column":39}},"10":{"start":{"line":18,"column":4},"end":{"line":18,"column":51}},"11":{"start":{"line":23,"column":0},"end":{"line":39,"column":1}},"12":{"start":{"line":24,"column":2},"end":{"line":38,"column":3}},"13":{"start":{"line":25,"column":40},"end":{"line":25,"column":48}},"14":{"start":{"line":27,"column":22},"end":{"line":27,"column":54}},"15":{"start":{"line":28,"column":22},"end":{"line":28,"column":59}},"16":{"start":{"line":30,"column":4},"end":{"line":33,"column":199}},"17":{"start":{"line":31,"column":6},"end":{"line":31,"column":144}},"18":{"start":{"line":33,"column":6},"end":{"line":33,"column":199}},"19":{"start":{"line":35,"column":4},"end":{"line":35,"column":39}},"20":{"start":{"line":37,"column":4},"end":{"line":37,"column":51}},"21":{"start":{"line":42,"column":0},"end":{"line":58,"column":2}},"22":{"start":{"line":43,"column":2},"end":{"line":57,"column":3}},"23":{"start":{"line":44,"column":15},"end":{"line":44,"column":28}},"24":{"start":{"line":45,"column":24},"end":{"line":49,"column":6}},"25":{"start":{"line":50,"column":4},"end":{"line":52,"column":5}},"26":{"start":{"line":51,"column":6},"end":{"line":51,"column":73}},"27":{"start":{"line":54,"column":4},"end":{"line":54,"column":38}},"28":{"start":{"line":56,"column":4},"end":{"line":56,"column":51}},"29":{"start":{"line":61,"column":0},"end":{"line":76,"column":2}},"30":{"start":{"line":62,"column":2},"end":{"line":75,"column":3}},"31":{"start":{"line":63,"column":19},"end":{"line":63,"column":38}},"32":{"start":{"line":64,"column":25},"end":{"line":71,"column":6}},"33":{"start":{"line":72,"column":4},"end":{"line":72,"column":39}},"34":{"start":{"line":74,"column":4},"end":{"line":74,"column":51}},"35":{"start":{"line":79,"column":0},"end":{"line":90,"column":2}},"36":{"start":{"line":80,"column":71},"end":{"line":80,"column":79}},"37":{"start":{"line":81,"column":19},"end":{"line":81,"column":29}},"38":{"start":{"line":83,"column":2},"end":{"line":89,"column":3}},"39":{"start":{"line":84,"column":24},"end":{"line":84,"column":134}},"40":{"start":{"line":85,"column":17},"end":{"line":85,"column":117}},"41":{"start":{"line":86,"column":4},"end":{"line":86,"column":48}},"42":{"start":{"line":88,"column":4},"end":{"line":88,"column":51}},"43":{"start":{"line":93,"column":0},"end":{"line":118,"column":2}},"44":{"start":{"line":94,"column":13},"end":{"line":94,"column":26}},"45":{"start":{"line":95,"column":79},"end":{"line":95,"column":87}},"46":{"start":{"line":96,"column":19},"end":{"line":96,"column":29}},"47":{"start":{"line":98,"column":2},"end":{"line":117,"column":3}},"48":{"start":{"line":99,"column":24},"end":{"line":99,"column":54}},"49":{"start":{"line":100,"column":4},"end":{"line":102,"column":5}},"50":{"start":{"line":101,"column":6},"end":{"line":101,"column":73}},"51":{"start":{"line":103,"column":4},"end":{"line":105,"column":5}},"52":{"start":{"line":104,"column":6},"end":{"line":104,"column":101}},"53":{"start":{"line":107,"column":18},"end":{"line":109,"column":6}},"54":{"start":{"line":110,"column":4},"end":{"line":114,"column":5}},"55":{"start":{"line":111,"column":6},"end":{"line":111,"column":81}},"56":{"start":{"line":113,"column":6},"end":{"line":113,"column":138}},"57":{"start":{"line":116,"column":4},"end":{"line":116,"column":51}},"58":{"start":{"line":121,"column":0},"end":{"line":145,"column":2}},"59":{"start":{"line":122,"column":13},"end":{"line":122,"column":26}},"60":{"start":{"line":123,"column":19},"end":{"line":123,"column":29}},"61":{"start":{"line":125,"column":2},"end":{"line":144,"column":3}},"62":{"start":{"line":126,"column":24},"end":{"line":126,"column":54}},"63":{"start":{"line":127,"column":4},"end":{"line":129,"column":5}},"64":{"start":{"line":128,"column":6},"end":{"line":128,"column":73}},"65":{"start":{"line":130,"column":4},"end":{"line":132,"column":5}},"66":{"start":{"line":131,"column":6},"end":{"line":131,"column":101}},"67":{"start":{"line":134,"column":16},"end":{"line":136,"column":6}},"68":{"start":{"line":137,"column":4},"end":{"line":141,"column":5}},"69":{"start":{"line":138,"column":6},"end":{"line":138,"column":81}},"70":{"start":{"line":140,"column":6},"end":{"line":140,"column":117}},"71":{"start":{"line":143,"column":4},"end":{"line":143,"column":51}},"72":{"start":{"line":148,"column":0},"end":{"line":171,"column":2}},"73":{"start":{"line":149,"column":13},"end":{"line":149,"column":26}},"74":{"start":{"line":150,"column":19},"end":{"line":150,"column":29}},"75":{"start":{"line":152,"column":2},"end":{"line":170,"column":3}},"76":{"start":{"line":153,"column":24},"end":{"line":153,"column":54}},"77":{"start":{"line":154,"column":4},"end":{"line":156,"column":5}},"78":{"start":{"line":155,"column":6},"end":{"line":155,"column":73}},"79":{"start":{"line":157,"column":4},"end":{"line":159,"column":5}},"80":{"start":{"line":158,"column":6},"end":{"line":158,"column":101}},"81":{"start":{"line":162,"column":4},"end":{"line":162,"column":82}},"82":{"start":{"line":165,"column":4},"end":{"line":165,"column":83}},"83":{"start":{"line":167,"column":4},"end":{"line":167,"column":81}},"84":{"start":{"line":169,"column":4},"end":{"line":169,"column":51}}},"fnMap":{"0":{"name":"(anonymous_0)","decl":{"start":{"line":9,"column":29},"end":{"line":9,"column":30}},"loc":{"start":{"line":9,"column":49},"end":{"line":20,"column":1}},"line":9},"1":{"name":"(anonymous_1)","decl":{"start":{"line":23,"column":35},"end":{"line":23,"column":36}},"loc":{"start":{"line":23,"column":55},"end":{"line":39,"column":1}},"line":23},"2":{"name":"(anonymous_2)","decl":{"start":{"line":42,"column":29},"end":{"line":42,"column":30}},"loc":{"start":{"line":42,"column":49},"end":{"line":58,"column":1}},"line":42},"3":{"name":"(anonymous_3)","decl":{"start":{"line":61,"column":34},"end":{"line":61,"column":35}},"loc":{"start":{"line":61,"column":54},"end":{"line":76,"column":1}},"line":61},"4":{"name":"(anonymous_4)","decl":{"start":{"line":79,"column":28},"end":{"line":79,"column":29}},"loc":{"start":{"line":79,"column":48},"end":{"line":90,"column":1}},"line":79},"5":{"name":"(anonymous_5)","decl":{"start":{"line":93,"column":28},"end":{"line":93,"column":29}},"loc":{"start":{"line":93,"column":48},"end":{"line":118,"column":1}},"line":93},"6":{"name":"(anonymous_6)","decl":{"start":{"line":121,"column":28},"end":{"line":121,"column":29}},"loc":{"start":{"line":121,"column":48},"end":{"line":145,"column":1}},"line":121},"7":{"name":"(anonymous_7)","decl":{"start":{"line":148,"column":28},"end":{"line":148,"column":29}},"loc":{"start":{"line":148,"column":48},"end":{"line":171,"column":1}},"line":148}},"branchMap":{"0":{"loc":{"start":{"line":30,"column":4},"end":{"line":33,"column":199}},"type":"if","locations":[{"start":{"line":30,"column":4},"end":{"line":33,"column":199}},{"start":{"line":33,"column":6},"end":{"line":33,"column":199}}],"line":30},"1":{"loc":{"start":{"line":50,"column":4},"end":{"line":52,"column":5}},"type":"if","locations":[{"start":{"line":50,"column":4},"end":{"line":52,"column":5}},{"start":{},"end":{}}],"line":50},"2":{"loc":{"start":{"line":100,"column":4},"end":{"line":102,"column":5}},"type":"if","locations":[{"start":{"line":100,"column":4},"end":{"line":102,"column":5}},{"start":{},"end":{}}],"line":100},"3":{"loc":{"start":{"line":103,"column":4},"end":{"line":105,"column":5}},"type":"if","locations":[{"start":{"line":103,"column":4},"end":{"line":105,"column":5}},{"start":{},"end":{}}],"line":103},"4":{"loc":{"start":{"line":110,"column":4},"end":{"line":114,"column":5}},"type":"if","locations":[{"start":{"line":110,"column":4},"end":{"line":114,"column":5}},{"start":{"line":112,"column":11},"end":{"line":114,"column":5}}],"line":110},"5":{"loc":{"start":{"line":127,"column":4},"end":{"line":129,"column":5}},"type":"if","locations":[{"start":{"line":127,"column":4},"end":{"line":129,"column":5}},{"start":{},"end":{}}],"line":127},"6":{"loc":{"start":{"line":130,"column":4},"end":{"line":132,"column":5}},"type":"if","locations":[{"start":{"line":130,"column":4},"end":{"line":132,"column":5}},{"start":{},"end":{}}],"line":130},"7":{"loc":{"start":{"line":137,"column":4},"end":{"line":141,"column":5}},"type":"if","locations":[{"start":{"line":137,"column":4},"end":{"line":141,"column":5}},{"start":{"line":139,"column":11},"end":{"line":141,"column":5}}],"line":137},"8":{"loc":{"start":{"line":154,"column":4},"end":{"line":156,"column":5}},"type":"if","locations":[{"start":{"line":154,"column":4},"end":{"line":156,"column":5}},{"start":{},"end":{}}],"line":154},"9":{"loc":{"start":{"line":157,"column":4},"end":{"line":159,"column":5}},"type":"if","locations":[{"start":{"line":157,"column":4},"end":{"line":159,"column":5}},{"start":{},"end":{}}],"line":157}},"s":{"0":1,"1":1,"2":1,"3":1,"4":1,"5":1,"6":1,"7":2,"8":2,"9":1,"10":1,"11":1,"12":3,"13":3,"14":3,"15":3,"16":3,"17":1,"18":2,"19":2,"20":1,"21":1,"22":3,"23":3,"24":3,"25":2,"26":1,"27":1,"28":1,"29":1,"30":2,"31":2,"32":2,"33":1,"34":1,"35":1,"36":2,"37":2,"38":2,"39":2,"40":1,"41":1,"42":1,"43":1,"44":4,"45":4,"46":4,"47":4,"48":4,"49":3,"50":1,"51":2,"52":1,"53":1,"54":1,"55":1,"56":0,"57":1,"58":1,"59":0,"60":0,"61":0,"62":0,"63":0,"64":0,"65":0,"66":0,"67":0,"68":0,"69":0,"70":0,"71":0,"72":1,"73":4,"74":4,"75":4,"76":4,"77":3,"78":1,"79":2,"80":1,"81":1,"82":1,"83":1,"84":1},"f":{"0":2,"1":3,"2":3,"3":2,"4":2,"5":4,"6":0,"7":4},"b":{"0":[1,2],"1":[1,1],"2":[1,2],"3":[1,1],"4":[1,0],"5":[0,0],"6":[0,0],"7":[0,0],"8":[1,2],"9":[1,1]},"_coverageSchema":"1a1c01bbd47fc00a2c39e90264f33305004495a9","hash":"4e97d9741b32c4f16a6a8f261646d43ff610b070"}
,"/home/vcruzlabra/carpool-backend/carpool-app/app/controllers/request.controller.js": {"path":"/home/vcruzlabra/carpool-backend/carpool-app/app/controllers/request.controller.js","statementMap":{"0":{"start":{"line":2,"column":11},"end":{"line":2,"column":31}},"1":{"start":{"line":3,"column":16},"end":{"line":3,"column":26}},"2":{"start":{"line":4,"column":20},"end":{"line":4,"column":34}},"3":{"start":{"line":5,"column":13},"end":{"line":5,"column":20}},"4":{"start":{"line":6,"column":13},"end":{"line":6,"column":20}},"5":{"start":{"line":9,"column":0},"end":{"line":28,"column":2}},"6":{"start":{"line":10,"column":2},"end":{"line":27,"column":3}},"7":{"start":{"line":11,"column":21},"end":{"line":11,"column":31}},"8":{"start":{"line":13,"column":25},"end":{"line":21,"column":6}},"9":{"start":{"line":23,"column":21},"end":{"line":23,"column":78}},"10":{"start":{"line":23,"column":57},"end":{"line":23,"column":77}},"11":{"start":{"line":24,"column":4},"end":{"line":24,"column":35}},"12":{"start":{"line":26,"column":4},"end":{"line":26,"column":51}},"13":{"start":{"line":45,"column":0},"end":{"line":76,"column":2}},"14":{"start":{"line":46,"column":2},"end":{"line":75,"column":3}},"15":{"start":{"line":47,"column":26},"end":{"line":47,"column":50}},"16":{"start":{"line":49,"column":24},"end":{"line":63,"column":6}},"17":{"start":{"line":65,"column":4},"end":{"line":67,"column":5}},"18":{"start":{"line":66,"column":6},"end":{"line":66,"column":73}},"19":{"start":{"line":69,"column":4},"end":{"line":72,"column":7}},"20":{"start":{"line":74,"column":4},"end":{"line":74,"column":51}},"21":{"start":{"line":79,"column":0},"end":{"line":91,"column":2}},"22":{"start":{"line":80,"column":2},"end":{"line":90,"column":3}},"23":{"start":{"line":81,"column":24},"end":{"line":81,"column":34}},"24":{"start":{"line":83,"column":21},"end":{"line":85,"column":6}},"25":{"start":{"line":87,"column":4},"end":{"line":87,"column":35}},"26":{"start":{"line":89,"column":4},"end":{"line":89,"column":51}},"27":{"start":{"line":94,"column":0},"end":{"line":108,"column":2}},"28":{"start":{"line":95,"column":2},"end":{"line":107,"column":3}},"29":{"start":{"line":96,"column":22},"end":{"line":96,"column":42}},"30":{"start":{"line":98,"column":20},"end":{"line":98,"column":53}},"31":{"start":{"line":100,"column":4},"end":{"line":102,"column":5}},"32":{"start":{"line":101,"column":6},"end":{"line":101,"column":69}},"33":{"start":{"line":104,"column":4},"end":{"line":104,"column":34}},"34":{"start":{"line":106,"column":4},"end":{"line":106,"column":51}},"35":{"start":{"line":124,"column":0},"end":{"line":156,"column":2}},"36":{"start":{"line":125,"column":2},"end":{"line":155,"column":3}},"37":{"start":{"line":126,"column":47},"end":{"line":126,"column":55}},"38":{"start":{"line":127,"column":24},"end":{"line":127,"column":34}},"39":{"start":{"line":129,"column":24},"end":{"line":129,"column":65}},"40":{"start":{"line":131,"column":4},"end":{"line":133,"column":5}},"41":{"start":{"line":132,"column":6},"end":{"line":132,"column":73}},"42":{"start":{"line":135,"column":4},"end":{"line":137,"column":5}},"43":{"start":{"line":136,"column":6},"end":{"line":136,"column":70}},"44":{"start":{"line":139,"column":28},"end":{"line":144,"column":6}},"45":{"start":{"line":146,"column":4},"end":{"line":148,"column":5}},"46":{"start":{"line":147,"column":6},"end":{"line":147,"column":95}},"47":{"start":{"line":150,"column":20},"end":{"line":150,"column":108}},"48":{"start":{"line":152,"column":4},"end":{"line":152,"column":34}},"49":{"start":{"line":154,"column":4},"end":{"line":154,"column":51}},"50":{"start":{"line":201,"column":0},"end":{"line":247,"column":2}},"51":{"start":{"line":202,"column":2},"end":{"line":246,"column":3}},"52":{"start":{"line":203,"column":22},"end":{"line":203,"column":42}},"53":{"start":{"line":204,"column":23},"end":{"line":204,"column":31}},"54":{"start":{"line":205,"column":19},"end":{"line":205,"column":29}},"55":{"start":{"line":208,"column":20},"end":{"line":213,"column":6}},"56":{"start":{"line":215,"column":4},"end":{"line":217,"column":5}},"57":{"start":{"line":216,"column":6},"end":{"line":216,"column":92}},"58":{"start":{"line":220,"column":4},"end":{"line":222,"column":5}},"59":{"start":{"line":221,"column":6},"end":{"line":221,"column":111}},"60":{"start":{"line":225,"column":4},"end":{"line":227,"column":5}},"61":{"start":{"line":226,"column":6},"end":{"line":226,"column":92}},"62":{"start":{"line":230,"column":27},"end":{"line":232,"column":6}},"63":{"start":{"line":234,"column":4},"end":{"line":243,"column":5}},"64":{"start":{"line":235,"column":6},"end":{"line":238,"column":7}},"65":{"start":{"line":236,"column":21},"end":{"line":236,"column":140}},"66":{"start":{"line":237,"column":8},"end":{"line":237,"column":158}},"67":{"start":{"line":240,"column":6},"end":{"line":240,"column":84}},"68":{"start":{"line":242,"column":6},"end":{"line":242,"column":87}},"69":{"start":{"line":245,"column":4},"end":{"line":245,"column":51}},"70":{"start":{"line":249,"column":0},"end":{"line":285,"column":2}},"71":{"start":{"line":250,"column":2},"end":{"line":284,"column":3}},"72":{"start":{"line":251,"column":22},"end":{"line":251,"column":42}},"73":{"start":{"line":252,"column":19},"end":{"line":252,"column":29}},"74":{"start":{"line":255,"column":20},"end":{"line":260,"column":6}},"75":{"start":{"line":263,"column":4},"end":{"line":265,"column":5}},"76":{"start":{"line":264,"column":6},"end":{"line":264,"column":92}},"77":{"start":{"line":268,"column":4},"end":{"line":270,"column":5}},"78":{"start":{"line":269,"column":6},"end":{"line":269,"column":111}},"79":{"start":{"line":273,"column":27},"end":{"line":275,"column":6}},"80":{"start":{"line":277,"column":4},"end":{"line":281,"column":5}},"81":{"start":{"line":278,"column":6},"end":{"line":278,"column":74}},"82":{"start":{"line":280,"column":6},"end":{"line":280,"column":87}},"83":{"start":{"line":283,"column":4},"end":{"line":283,"column":51}},"84":{"start":{"line":287,"column":0},"end":{"line":343,"column":2}},"85":{"start":{"line":288,"column":2},"end":{"line":342,"column":3}},"86":{"start":{"line":289,"column":22},"end":{"line":289,"column":42}},"87":{"start":{"line":290,"column":19},"end":{"line":290,"column":29}},"88":{"start":{"line":293,"column":20},"end":{"line":298,"column":6}},"89":{"start":{"line":301,"column":4},"end":{"line":303,"column":5}},"90":{"start":{"line":302,"column":6},"end":{"line":302,"column":92}},"91":{"start":{"line":306,"column":4},"end":{"line":308,"column":5}},"92":{"start":{"line":307,"column":6},"end":{"line":307,"column":111}},"93":{"start":{"line":311,"column":4},"end":{"line":313,"column":5}},"94":{"start":{"line":312,"column":6},"end":{"line":312,"column":92}},"95":{"start":{"line":316,"column":27},"end":{"line":318,"column":6}},"96":{"start":{"line":320,"column":4},"end":{"line":339,"column":5}},"97":{"start":{"line":322,"column":6},"end":{"line":334,"column":7}},"98":{"start":{"line":323,"column":8},"end":{"line":323,"column":128}},"99":{"start":{"line":326,"column":34},"end":{"line":326,"column":72}},"100":{"start":{"line":327,"column":35},"end":{"line":327,"column":72}},"101":{"start":{"line":333,"column":8},"end":{"line":333,"column":118}},"102":{"start":{"line":336,"column":6},"end":{"line":336,"column":74}},"103":{"start":{"line":338,"column":6},"end":{"line":338,"column":87}},"104":{"start":{"line":341,"column":4},"end":{"line":341,"column":51}},"105":{"start":{"line":345,"column":0},"end":{"line":365,"column":2}},"106":{"start":{"line":346,"column":2},"end":{"line":364,"column":3}},"107":{"start":{"line":347,"column":26},"end":{"line":347,"column":50}},"108":{"start":{"line":349,"column":21},"end":{"line":354,"column":6}},"109":{"start":{"line":356,"column":18},"end":{"line":356,"column":33}},"110":{"start":{"line":358,"column":4},"end":{"line":361,"column":7}},"111":{"start":{"line":363,"column":4},"end":{"line":363,"column":51}}},"fnMap":{"0":{"name":"(anonymous_0)","decl":{"start":{"line":9,"column":34},"end":{"line":9,"column":35}},"loc":{"start":{"line":9,"column":54},"end":{"line":28,"column":1}},"line":9},"1":{"name":"(anonymous_1)","decl":{"start":{"line":23,"column":42},"end":{"line":23,"column":43}},"loc":{"start":{"line":23,"column":57},"end":{"line":23,"column":77}},"line":23},"2":{"name":"(anonymous_2)","decl":{"start":{"line":45,"column":36},"end":{"line":45,"column":37}},"loc":{"start":{"line":45,"column":56},"end":{"line":76,"column":1}},"line":45},"3":{"name":"(anonymous_3)","decl":{"start":{"line":79,"column":37},"end":{"line":79,"column":38}},"loc":{"start":{"line":79,"column":57},"end":{"line":91,"column":1}},"line":79},"4":{"name":"(anonymous_4)","decl":{"start":{"line":94,"column":25},"end":{"line":94,"column":26}},"loc":{"start":{"line":94,"column":45},"end":{"line":108,"column":1}},"line":94},"5":{"name":"(anonymous_5)","decl":{"start":{"line":124,"column":24},"end":{"line":124,"column":25}},"loc":{"start":{"line":124,"column":44},"end":{"line":156,"column":1}},"line":124},"6":{"name":"(anonymous_6)","decl":{"start":{"line":201,"column":30},"end":{"line":201,"column":31}},"loc":{"start":{"line":201,"column":50},"end":{"line":247,"column":1}},"line":201},"7":{"name":"(anonymous_7)","decl":{"start":{"line":249,"column":24},"end":{"line":249,"column":25}},"loc":{"start":{"line":249,"column":44},"end":{"line":285,"column":1}},"line":249},"8":{"name":"(anonymous_8)","decl":{"start":{"line":287,"column":24},"end":{"line":287,"column":25}},"loc":{"start":{"line":287,"column":44},"end":{"line":343,"column":1}},"line":287},"9":{"name":"(anonymous_9)","decl":{"start":{"line":345,"column":43},"end":{"line":345,"column":44}},"loc":{"start":{"line":345,"column":63},"end":{"line":365,"column":1}},"line":345}},"branchMap":{"0":{"loc":{"start":{"line":65,"column":4},"end":{"line":67,"column":5}},"type":"if","locations":[{"start":{"line":65,"column":4},"end":{"line":67,"column":5}},{"start":{},"end":{}}],"line":65},"1":{"loc":{"start":{"line":100,"column":4},"end":{"line":102,"column":5}},"type":"if","locations":[{"start":{"line":100,"column":4},"end":{"line":102,"column":5}},{"start":{},"end":{}}],"line":100},"2":{"loc":{"start":{"line":131,"column":4},"end":{"line":133,"column":5}},"type":"if","locations":[{"start":{"line":131,"column":4},"end":{"line":133,"column":5}},{"start":{},"end":{}}],"line":131},"3":{"loc":{"start":{"line":135,"column":4},"end":{"line":137,"column":5}},"type":"if","locations":[{"start":{"line":135,"column":4},"end":{"line":137,"column":5}},{"start":{},"end":{}}],"line":135},"4":{"loc":{"start":{"line":146,"column":4},"end":{"line":148,"column":5}},"type":"if","locations":[{"start":{"line":146,"column":4},"end":{"line":148,"column":5}},{"start":{},"end":{}}],"line":146},"5":{"loc":{"start":{"line":215,"column":4},"end":{"line":217,"column":5}},"type":"if","locations":[{"start":{"line":215,"column":4},"end":{"line":217,"column":5}},{"start":{},"end":{}}],"line":215},"6":{"loc":{"start":{"line":220,"column":4},"end":{"line":222,"column":5}},"type":"if","locations":[{"start":{"line":220,"column":4},"end":{"line":222,"column":5}},{"start":{},"end":{}}],"line":220},"7":{"loc":{"start":{"line":225,"column":4},"end":{"line":227,"column":5}},"type":"if","locations":[{"start":{"line":225,"column":4},"end":{"line":227,"column":5}},{"start":{},"end":{}}],"line":225},"8":{"loc":{"start":{"line":225,"column":8},"end":{"line":225,"column":72}},"type":"binary-expr","locations":[{"start":{"line":225,"column":8},"end":{"line":225,"column":29}},{"start":{"line":225,"column":33},"end":{"line":225,"column":72}}],"line":225},"9":{"loc":{"start":{"line":234,"column":4},"end":{"line":243,"column":5}},"type":"if","locations":[{"start":{"line":234,"column":4},"end":{"line":243,"column":5}},{"start":{"line":241,"column":11},"end":{"line":243,"column":5}}],"line":234},"10":{"loc":{"start":{"line":235,"column":6},"end":{"line":238,"column":7}},"type":"if","locations":[{"start":{"line":235,"column":6},"end":{"line":238,"column":7}},{"start":{},"end":{}}],"line":235},"11":{"loc":{"start":{"line":263,"column":4},"end":{"line":265,"column":5}},"type":"if","locations":[{"start":{"line":263,"column":4},"end":{"line":265,"column":5}},{"start":{},"end":{}}],"line":263},"12":{"loc":{"start":{"line":268,"column":4},"end":{"line":270,"column":5}},"type":"if","locations":[{"start":{"line":268,"column":4},"end":{"line":270,"column":5}},{"start":{},"end":{}}],"line":268},"13":{"loc":{"start":{"line":277,"column":4},"end":{"line":281,"column":5}},"type":"if","locations":[{"start":{"line":277,"column":4},"end":{"line":281,"column":5}},{"start":{"line":279,"column":11},"end":{"line":281,"column":5}}],"line":277},"14":{"loc":{"start":{"line":301,"column":4},"end":{"line":303,"column":5}},"type":"if","locations":[{"start":{"line":301,"column":4},"end":{"line":303,"column":5}},{"start":{},"end":{}}],"line":301},"15":{"loc":{"start":{"line":306,"column":4},"end":{"line":308,"column":5}},"type":"if","locations":[{"start":{"line":306,"column":4},"end":{"line":308,"column":5}},{"start":{},"end":{}}],"line":306},"16":{"loc":{"start":{"line":311,"column":4},"end":{"line":313,"column":5}},"type":"if","locations":[{"start":{"line":311,"column":4},"end":{"line":313,"column":5}},{"start":{},"end":{}}],"line":311},"17":{"loc":{"start":{"line":320,"column":4},"end":{"line":339,"column":5}},"type":"if","locations":[{"start":{"line":320,"column":4},"end":{"line":339,"column":5}},{"start":{"line":337,"column":11},"end":{"line":339,"column":5}}],"line":320},"18":{"loc":{"start":{"line":322,"column":6},"end":{"line":334,"column":7}},"type":"if","locations":[{"start":{"line":322,"column":6},"end":{"line":334,"column":7}},{"start":{},"end":{}}],"line":322}},"s":{"0":1,"1":1,"2":1,"3":1,"4":1,"5":1,"6":2,"7":2,"8":2,"9":1,"10":1,"11":1,"12":1,"13":1,"14":3,"15":3,"16":3,"17":2,"18":1,"19":1,"20":1,"21":1,"22":2,"23":2,"24":2,"25":1,"26":1,"27":1,"28":3,"29":3,"30":3,"31":2,"32":1,"33":1,"34":1,"35":1,"36":4,"37":4,"38":4,"39":4,"40":3,"41":0,"42":3,"43":1,"44":2,"45":2,"46":1,"47":1,"48":1,"49":1,"50":1,"51":4,"52":4,"53":4,"54":4,"55":4,"56":3,"57":1,"58":2,"59":1,"60":1,"61":0,"62":1,"63":1,"64":1,"65":1,"66":1,"67":1,"68":0,"69":1,"70":1,"71":4,"72":4,"73":4,"74":4,"75":3,"76":1,"77":2,"78":1,"79":1,"80":1,"81":1,"82":0,"83":1,"84":1,"85":0,"86":0,"87":0,"88":0,"89":0,"90":0,"91":0,"92":0,"93":0,"94":0,"95":0,"96":0,"97":0,"98":0,"99":0,"100":0,"101":0,"102":0,"103":0,"104":0,"105":1,"106":0,"107":0,"108":0,"109":0,"110":0,"111":0},"f":{"0":2,"1":1,"2":3,"3":2,"4":3,"5":4,"6":4,"7":4,"8":0,"9":0},"b":{"0":[1,1],"1":[1,1],"2":[0,3],"3":[1,2],"4":[1,1],"5":[1,2],"6":[1,1],"7":[0,1],"8":[1,1],"9":[1,0],"10":[1,0],"11":[1,2],"12":[1,1],"13":[1,0],"14":[0,0],"15":[0,0],"16":[0,0],"17":[0,0],"18":[0,0]},"_coverageSchema":"1a1c01bbd47fc00a2c39e90264f33305004495a9","hash":"78ed0bf81d3f7cd19d723de8b0985c1e4a1cf837"}
,"/home/vcruzlabra/carpool-backend/carpool-app/app/controllers/review.controller.js": {"path":"/home/vcruzlabra/carpool-backend/carpool-app/app/controllers/review.controller.js","statementMap":{"0":{"start":{"line":1,"column":11},"end":{"line":1,"column":31}},"1":{"start":{"line":2,"column":15},"end":{"line":2,"column":24}},"2":{"start":{"line":3,"column":13},"end":{"line":3,"column":20}},"3":{"start":{"line":4,"column":13},"end":{"line":4,"column":20}},"4":{"start":{"line":5,"column":20},"end":{"line":5,"column":34}},"5":{"start":{"line":6,"column":33},"end":{"line":6,"column":53}},"6":{"start":{"line":9,"column":0},"end":{"line":17,"column":2}},"7":{"start":{"line":10,"column":4},"end":{"line":16,"column":5}},"8":{"start":{"line":11,"column":23},"end":{"line":11,"column":40}},"9":{"start":{"line":12,"column":24},"end":{"line":12,"column":75}},"10":{"start":{"line":13,"column":8},"end":{"line":13,"column":38}},"11":{"start":{"line":15,"column":8},"end":{"line":15,"column":55}},"12":{"start":{"line":20,"column":0},"end":{"line":28,"column":2}},"13":{"start":{"line":21,"column":4},"end":{"line":27,"column":5}},"14":{"start":{"line":22,"column":23},"end":{"line":22,"column":40}},"15":{"start":{"line":23,"column":24},"end":{"line":23,"column":75}},"16":{"start":{"line":24,"column":8},"end":{"line":24,"column":38}},"17":{"start":{"line":26,"column":8},"end":{"line":26,"column":55}},"18":{"start":{"line":31,"column":0},"end":{"line":45,"column":2}},"19":{"start":{"line":32,"column":4},"end":{"line":44,"column":5}},"20":{"start":{"line":33,"column":23},"end":{"line":33,"column":33}},"21":{"start":{"line":34,"column":44},"end":{"line":34,"column":52}},"22":{"start":{"line":36,"column":8},"end":{"line":38,"column":9}},"23":{"start":{"line":37,"column":12},"end":{"line":37,"column":87}},"24":{"start":{"line":40,"column":23},"end":{"line":40,"column":79}},"25":{"start":{"line":41,"column":8},"end":{"line":41,"column":37}},"26":{"start":{"line":43,"column":8},"end":{"line":43,"column":55}},"27":{"start":{"line":48,"column":0},"end":{"line":78,"column":2}},"28":{"start":{"line":49,"column":21},"end":{"line":49,"column":40}},"29":{"start":{"line":50,"column":19},"end":{"line":50,"column":29}},"30":{"start":{"line":51,"column":32},"end":{"line":51,"column":40}},"31":{"start":{"line":53,"column":4},"end":{"line":77,"column":5}},"32":{"start":{"line":54,"column":23},"end":{"line":54,"column":54}},"33":{"start":{"line":55,"column":8},"end":{"line":57,"column":9}},"34":{"start":{"line":56,"column":12},"end":{"line":56,"column":95}},"35":{"start":{"line":60,"column":8},"end":{"line":62,"column":9}},"36":{"start":{"line":61,"column":12},"end":{"line":61,"column":102}},"37":{"start":{"line":65,"column":29},"end":{"line":68,"column":9}},"38":{"start":{"line":70,"column":8},"end":{"line":74,"column":9}},"39":{"start":{"line":71,"column":12},"end":{"line":71,"column":82}},"40":{"start":{"line":73,"column":12},"end":{"line":73,"column":140}},"41":{"start":{"line":76,"column":8},"end":{"line":76,"column":55}},"42":{"start":{"line":81,"column":0},"end":{"line":108,"column":2}},"43":{"start":{"line":82,"column":21},"end":{"line":82,"column":40}},"44":{"start":{"line":83,"column":19},"end":{"line":83,"column":29}},"45":{"start":{"line":85,"column":4},"end":{"line":107,"column":5}},"46":{"start":{"line":86,"column":23},"end":{"line":86,"column":54}},"47":{"start":{"line":87,"column":8},"end":{"line":89,"column":9}},"48":{"start":{"line":88,"column":12},"end":{"line":88,"column":95}},"49":{"start":{"line":92,"column":8},"end":{"line":94,"column":9}},"50":{"start":{"line":93,"column":12},"end":{"line":93,"column":102}},"51":{"start":{"line":96,"column":27},"end":{"line":98,"column":10}},"52":{"start":{"line":100,"column":8},"end":{"line":104,"column":9}},"53":{"start":{"line":101,"column":12},"end":{"line":101,"column":82}},"54":{"start":{"line":103,"column":12},"end":{"line":103,"column":119}},"55":{"start":{"line":106,"column":8},"end":{"line":106,"column":55}},"56":{"start":{"line":110,"column":0},"end":{"line":121,"column":2}},"57":{"start":{"line":111,"column":4},"end":{"line":120,"column":5}},"58":{"start":{"line":112,"column":19},"end":{"line":112,"column":32}},"59":{"start":{"line":113,"column":23},"end":{"line":113,"column":48}},"60":{"start":{"line":114,"column":8},"end":{"line":116,"column":9}},"61":{"start":{"line":115,"column":12},"end":{"line":115,"column":74}},"62":{"start":{"line":117,"column":8},"end":{"line":117,"column":37}},"63":{"start":{"line":119,"column":8},"end":{"line":119,"column":55}},"64":{"start":{"line":123,"column":29},"end":{"line":169,"column":1}},"65":{"start":{"line":124,"column":15},"end":{"line":138,"column":4}},"66":{"start":{"line":140,"column":2},"end":{"line":142,"column":3}},"67":{"start":{"line":141,"column":4},"end":{"line":141,"column":38}},"68":{"start":{"line":144,"column":21},"end":{"line":157,"column":4}},"69":{"start":{"line":159,"column":19},"end":{"line":162,"column":3}},"70":{"start":{"line":161,"column":30},"end":{"line":161,"column":37}},"71":{"start":{"line":164,"column":2},"end":{"line":166,"column":3}},"72":{"start":{"line":165,"column":4},"end":{"line":165,"column":39}},"73":{"start":{"line":168,"column":2},"end":{"line":168,"column":34}},"74":{"start":{"line":172,"column":0},"end":{"line":195,"column":2}},"75":{"start":{"line":173,"column":2},"end":{"line":194,"column":3}},"76":{"start":{"line":174,"column":49},"end":{"line":174,"column":57}},"77":{"start":{"line":175,"column":4},"end":{"line":186,"column":5}},"78":{"start":{"line":182,"column":6},"end":{"line":182,"column":43}},"79":{"start":{"line":183,"column":6},"end":{"line":185,"column":61}},"80":{"start":{"line":188,"column":19},"end":{"line":188,"column":76}},"81":{"start":{"line":190,"column":19},"end":{"line":190,"column":75}},"82":{"start":{"line":191,"column":4},"end":{"line":191,"column":33}},"83":{"start":{"line":193,"column":4},"end":{"line":193,"column":51}}},"fnMap":{"0":{"name":"(anonymous_0)","decl":{"start":{"line":9,"column":30},"end":{"line":9,"column":31}},"loc":{"start":{"line":9,"column":50},"end":{"line":17,"column":1}},"line":9},"1":{"name":"(anonymous_1)","decl":{"start":{"line":20,"column":30},"end":{"line":20,"column":31}},"loc":{"start":{"line":20,"column":50},"end":{"line":28,"column":1}},"line":20},"2":{"name":"(anonymous_2)","decl":{"start":{"line":31,"column":23},"end":{"line":31,"column":24}},"loc":{"start":{"line":31,"column":43},"end":{"line":45,"column":1}},"line":31},"3":{"name":"(anonymous_3)","decl":{"start":{"line":48,"column":23},"end":{"line":48,"column":24}},"loc":{"start":{"line":48,"column":43},"end":{"line":78,"column":1}},"line":48},"4":{"name":"(anonymous_4)","decl":{"start":{"line":81,"column":23},"end":{"line":81,"column":24}},"loc":{"start":{"line":81,"column":43},"end":{"line":108,"column":1}},"line":81},"5":{"name":"(anonymous_5)","decl":{"start":{"line":110,"column":24},"end":{"line":110,"column":25}},"loc":{"start":{"line":110,"column":44},"end":{"line":121,"column":1}},"line":110},"6":{"name":"(anonymous_6)","decl":{"start":{"line":123,"column":29},"end":{"line":123,"column":30}},"loc":{"start":{"line":123,"column":56},"end":{"line":169,"column":1}},"line":123},"7":{"name":"(anonymous_7)","decl":{"start":{"line":161,"column":22},"end":{"line":161,"column":23}},"loc":{"start":{"line":161,"column":30},"end":{"line":161,"column":37}},"line":161},"8":{"name":"(anonymous_8)","decl":{"start":{"line":172,"column":25},"end":{"line":172,"column":26}},"loc":{"start":{"line":172,"column":45},"end":{"line":195,"column":1}},"line":172}},"branchMap":{"0":{"loc":{"start":{"line":36,"column":8},"end":{"line":38,"column":9}},"type":"if","locations":[{"start":{"line":36,"column":8},"end":{"line":38,"column":9}},{"start":{},"end":{}}],"line":36},"1":{"loc":{"start":{"line":36,"column":12},"end":{"line":36,"column":53}},"type":"binary-expr","locations":[{"start":{"line":36,"column":12},"end":{"line":36,"column":19}},{"start":{"line":36,"column":23},"end":{"line":36,"column":30}},{"start":{"line":36,"column":34},"end":{"line":36,"column":41}},{"start":{"line":36,"column":45},"end":{"line":36,"column":53}}],"line":36},"2":{"loc":{"start":{"line":55,"column":8},"end":{"line":57,"column":9}},"type":"if","locations":[{"start":{"line":55,"column":8},"end":{"line":57,"column":9}},{"start":{},"end":{}}],"line":55},"3":{"loc":{"start":{"line":60,"column":8},"end":{"line":62,"column":9}},"type":"if","locations":[{"start":{"line":60,"column":8},"end":{"line":62,"column":9}},{"start":{},"end":{}}],"line":60},"4":{"loc":{"start":{"line":70,"column":8},"end":{"line":74,"column":9}},"type":"if","locations":[{"start":{"line":70,"column":8},"end":{"line":74,"column":9}},{"start":{"line":72,"column":15},"end":{"line":74,"column":9}}],"line":70},"5":{"loc":{"start":{"line":87,"column":8},"end":{"line":89,"column":9}},"type":"if","locations":[{"start":{"line":87,"column":8},"end":{"line":89,"column":9}},{"start":{},"end":{}}],"line":87},"6":{"loc":{"start":{"line":92,"column":8},"end":{"line":94,"column":9}},"type":"if","locations":[{"start":{"line":92,"column":8},"end":{"line":94,"column":9}},{"start":{},"end":{}}],"line":92},"7":{"loc":{"start":{"line":100,"column":8},"end":{"line":104,"column":9}},"type":"if","locations":[{"start":{"line":100,"column":8},"end":{"line":104,"column":9}},{"start":{"line":102,"column":15},"end":{"line":104,"column":9}}],"line":100},"8":{"loc":{"start":{"line":114,"column":8},"end":{"line":116,"column":9}},"type":"if","locations":[{"start":{"line":114,"column":8},"end":{"line":116,"column":9}},{"start":{},"end":{}}],"line":114},"9":{"loc":{"start":{"line":140,"column":2},"end":{"line":142,"column":3}},"type":"if","locations":[{"start":{"line":140,"column":2},"end":{"line":142,"column":3}},{"start":{},"end":{}}],"line":140},"10":{"loc":{"start":{"line":164,"column":2},"end":{"line":166,"column":3}},"type":"if","locations":[{"start":{"line":164,"column":2},"end":{"line":166,"column":3}},{"start":{},"end":{}}],"line":164},"11":{"loc":{"start":{"line":164,"column":6},"end":{"line":164,"column":47}},"type":"binary-expr","locations":[{"start":{"line":164,"column":6},"end":{"line":164,"column":17}},{"start":{"line":164,"column":21},"end":{"line":164,"column":47}}],"line":164},"12":{"loc":{"start":{"line":175,"column":4},"end":{"line":186,"column":5}},"type":"if","locations":[{"start":{"line":175,"column":4},"end":{"line":186,"column":5}},{"start":{},"end":{}}],"line":175},"13":{"loc":{"start":{"line":176,"column":6},"end":{"line":180,"column":20}},"type":"binary-expr","locations":[{"start":{"line":176,"column":6},"end":{"line":176,"column":26}},{"start":{"line":177,"column":6},"end":{"line":177,"column":27}},{"start":{"line":178,"column":6},"end":{"line":178,"column":26}},{"start":{"line":179,"column":6},"end":{"line":179,"column":27}},{"start":{"line":180,"column":6},"end":{"line":180,"column":20}}],"line":176}},"s":{"0":1,"1":1,"2":1,"3":1,"4":1,"5":1,"6":1,"7":2,"8":2,"9":2,"10":1,"11":1,"12":1,"13":2,"14":2,"15":2,"16":1,"17":1,"18":1,"19":3,"20":3,"21":3,"22":3,"23":1,"24":2,"25":1,"26":1,"27":1,"28":4,"29":4,"30":4,"31":4,"32":4,"33":3,"34":1,"35":2,"36":1,"37":1,"38":1,"39":1,"40":0,"41":1,"42":1,"43":4,"44":4,"45":4,"46":4,"47":3,"48":1,"49":2,"50":1,"51":1,"52":1,"53":1,"54":0,"55":1,"56":1,"57":3,"58":3,"59":3,"60":2,"61":1,"62":1,"63":1,"64":1,"65":0,"66":0,"67":0,"68":0,"69":0,"70":0,"71":0,"72":0,"73":0,"74":1,"75":0,"76":0,"77":0,"78":0,"79":0,"80":0,"81":0,"82":0,"83":0},"f":{"0":2,"1":2,"2":3,"3":4,"4":4,"5":3,"6":0,"7":0,"8":0},"b":{"0":[1,2],"1":[3,3,2,2],"2":[1,2],"3":[1,1],"4":[1,0],"5":[1,2],"6":[1,1],"7":[1,0],"8":[1,1],"9":[0,0],"10":[0,0],"11":[0,0],"12":[0,0],"13":[0,0,0,0,0]},"_coverageSchema":"1a1c01bbd47fc00a2c39e90264f33305004495a9","hash":"67371f39c02e29fbe88b289241dc6601159b262f"}
,"/home/vcruzlabra/carpool-backend/carpool-app/app/controllers/vehicle.controller.js": {"path":"/home/vcruzlabra/carpool-backend/carpool-app/app/controllers/vehicle.controller.js","statementMap":{"0":{"start":{"line":1,"column":11},"end":{"line":1,"column":31}},"1":{"start":{"line":2,"column":16},"end":{"line":2,"column":26}},"2":{"start":{"line":4,"column":0},"end":{"line":14,"column":2}},"3":{"start":{"line":5,"column":4},"end":{"line":13,"column":5}},"4":{"start":{"line":6,"column":25},"end":{"line":6,"column":35}},"5":{"start":{"line":7,"column":25},"end":{"line":9,"column":10}},"6":{"start":{"line":10,"column":8},"end":{"line":10,"column":39}},"7":{"start":{"line":12,"column":8},"end":{"line":12,"column":55}},"8":{"start":{"line":16,"column":0},"end":{"line":30,"column":2}},"9":{"start":{"line":17,"column":4},"end":{"line":29,"column":5}},"10":{"start":{"line":18,"column":23},"end":{"line":18,"column":33}},"11":{"start":{"line":19,"column":47},"end":{"line":19,"column":55}},"12":{"start":{"line":21,"column":8},"end":{"line":23,"column":9}},"13":{"start":{"line":22,"column":12},"end":{"line":22,"column":88}},"14":{"start":{"line":25,"column":24},"end":{"line":25,"column":84}},"15":{"start":{"line":26,"column":8},"end":{"line":26,"column":38}},"16":{"start":{"line":28,"column":8},"end":{"line":28,"column":55}},"17":{"start":{"line":32,"column":0},"end":{"line":62,"column":2}},"18":{"start":{"line":33,"column":22},"end":{"line":33,"column":42}},"19":{"start":{"line":34,"column":19},"end":{"line":34,"column":29}},"20":{"start":{"line":35,"column":43},"end":{"line":35,"column":51}},"21":{"start":{"line":37,"column":4},"end":{"line":61,"column":5}},"22":{"start":{"line":38,"column":24},"end":{"line":38,"column":57}},"23":{"start":{"line":39,"column":8},"end":{"line":41,"column":9}},"24":{"start":{"line":40,"column":12},"end":{"line":40,"column":97}},"25":{"start":{"line":44,"column":8},"end":{"line":46,"column":9}},"26":{"start":{"line":45,"column":12},"end":{"line":45,"column":103}},"27":{"start":{"line":49,"column":29},"end":{"line":52,"column":9}},"28":{"start":{"line":54,"column":8},"end":{"line":58,"column":9}},"29":{"start":{"line":55,"column":12},"end":{"line":55,"column":83}},"30":{"start":{"line":57,"column":12},"end":{"line":57,"column":143}},"31":{"start":{"line":60,"column":8},"end":{"line":60,"column":55}},"32":{"start":{"line":64,"column":0},"end":{"line":91,"column":2}},"33":{"start":{"line":65,"column":22},"end":{"line":65,"column":42}},"34":{"start":{"line":66,"column":19},"end":{"line":66,"column":29}},"35":{"start":{"line":68,"column":4},"end":{"line":90,"column":5}},"36":{"start":{"line":69,"column":24},"end":{"line":69,"column":57}},"37":{"start":{"line":70,"column":8},"end":{"line":72,"column":9}},"38":{"start":{"line":71,"column":12},"end":{"line":71,"column":97}},"39":{"start":{"line":75,"column":8},"end":{"line":77,"column":9}},"40":{"start":{"line":76,"column":12},"end":{"line":76,"column":103}},"41":{"start":{"line":79,"column":27},"end":{"line":81,"column":10}},"42":{"start":{"line":83,"column":8},"end":{"line":87,"column":9}},"43":{"start":{"line":84,"column":12},"end":{"line":84,"column":83}},"44":{"start":{"line":86,"column":12},"end":{"line":86,"column":122}},"45":{"start":{"line":89,"column":8},"end":{"line":89,"column":55}},"46":{"start":{"line":93,"column":0},"end":{"line":104,"column":2}},"47":{"start":{"line":94,"column":4},"end":{"line":103,"column":5}},"48":{"start":{"line":95,"column":19},"end":{"line":95,"column":32}},"49":{"start":{"line":96,"column":24},"end":{"line":96,"column":50}},"50":{"start":{"line":97,"column":8},"end":{"line":99,"column":9}},"51":{"start":{"line":98,"column":12},"end":{"line":98,"column":75}},"52":{"start":{"line":100,"column":8},"end":{"line":100,"column":38}},"53":{"start":{"line":102,"column":8},"end":{"line":102,"column":55}}},"fnMap":{"0":{"name":"(anonymous_0)","decl":{"start":{"line":4,"column":34},"end":{"line":4,"column":35}},"loc":{"start":{"line":4,"column":54},"end":{"line":14,"column":1}},"line":4},"1":{"name":"(anonymous_1)","decl":{"start":{"line":16,"column":24},"end":{"line":16,"column":25}},"loc":{"start":{"line":16,"column":44},"end":{"line":30,"column":1}},"line":16},"2":{"name":"(anonymous_2)","decl":{"start":{"line":32,"column":24},"end":{"line":32,"column":25}},"loc":{"start":{"line":32,"column":44},"end":{"line":62,"column":1}},"line":32},"3":{"name":"(anonymous_3)","decl":{"start":{"line":64,"column":24},"end":{"line":64,"column":25}},"loc":{"start":{"line":64,"column":44},"end":{"line":91,"column":1}},"line":64},"4":{"name":"(anonymous_4)","decl":{"start":{"line":93,"column":25},"end":{"line":93,"column":26}},"loc":{"start":{"line":93,"column":45},"end":{"line":104,"column":1}},"line":93}},"branchMap":{"0":{"loc":{"start":{"line":21,"column":8},"end":{"line":23,"column":9}},"type":"if","locations":[{"start":{"line":21,"column":8},"end":{"line":23,"column":9}},{"start":{},"end":{}}],"line":21},"1":{"loc":{"start":{"line":21,"column":12},"end":{"line":21,"column":56}},"type":"binary-expr","locations":[{"start":{"line":21,"column":12},"end":{"line":21,"column":19}},{"start":{"line":21,"column":23},"end":{"line":21,"column":29}},{"start":{"line":21,"column":33},"end":{"line":21,"column":39}},{"start":{"line":21,"column":43},"end":{"line":21,"column":56}}],"line":21},"2":{"loc":{"start":{"line":39,"column":8},"end":{"line":41,"column":9}},"type":"if","locations":[{"start":{"line":39,"column":8},"end":{"line":41,"column":9}},{"start":{},"end":{}}],"line":39},"3":{"loc":{"start":{"line":44,"column":8},"end":{"line":46,"column":9}},"type":"if","locations":[{"start":{"line":44,"column":8},"end":{"line":46,"column":9}},{"start":{},"end":{}}],"line":44},"4":{"loc":{"start":{"line":54,"column":8},"end":{"line":58,"column":9}},"type":"if","locations":[{"start":{"line":54,"column":8},"end":{"line":58,"column":9}},{"start":{"line":56,"column":15},"end":{"line":58,"column":9}}],"line":54},"5":{"loc":{"start":{"line":70,"column":8},"end":{"line":72,"column":9}},"type":"if","locations":[{"start":{"line":70,"column":8},"end":{"line":72,"column":9}},{"start":{},"end":{}}],"line":70},"6":{"loc":{"start":{"line":75,"column":8},"end":{"line":77,"column":9}},"type":"if","locations":[{"start":{"line":75,"column":8},"end":{"line":77,"column":9}},{"start":{},"end":{}}],"line":75},"7":{"loc":{"start":{"line":83,"column":8},"end":{"line":87,"column":9}},"type":"if","locations":[{"start":{"line":83,"column":8},"end":{"line":87,"column":9}},{"start":{"line":85,"column":15},"end":{"line":87,"column":9}}],"line":83},"8":{"loc":{"start":{"line":97,"column":8},"end":{"line":99,"column":9}},"type":"if","locations":[{"start":{"line":97,"column":8},"end":{"line":99,"column":9}},{"start":{},"end":{}}],"line":97}},"s":{"0":1,"1":1,"2":1,"3":2,"4":2,"5":2,"6":1,"7":1,"8":1,"9":3,"10":3,"11":3,"12":3,"13":1,"14":2,"15":1,"16":1,"17":1,"18":4,"19":4,"20":4,"21":4,"22":4,"23":3,"24":1,"25":2,"26":1,"27":1,"28":1,"29":1,"30":0,"31":1,"32":1,"33":4,"34":4,"35":4,"36":4,"37":3,"38":1,"39":2,"40":1,"41":1,"42":1,"43":1,"44":0,"45":1,"46":1,"47":3,"48":3,"49":3,"50":2,"51":1,"52":1,"53":1},"f":{"0":2,"1":3,"2":4,"3":4,"4":3},"b":{"0":[1,2],"1":[3,3,2,2],"2":[1,2],"3":[1,1],"4":[1,0],"5":[1,2],"6":[1,1],"7":[1,0],"8":[1,1]},"_coverageSchema":"1a1c01bbd47fc00a2c39e90264f33305004495a9","hash":"be902f57e6eb461d148036b0da77fd0bd3262a1d"}
}
