{"/home/vcruzlabra/carpool-backend/carpool-app/app/controllers/publication.controller.js": {"path":"/home/vcruzlabra/carpool-backend/carpool-app/app/controllers/publication.controller.js","statementMap":{"0":{"start":{"line":1,"column":11},"end":{"line":1,"column":31}},"1":{"start":{"line":2,"column":20},"end":{"line":2,"column":34}},"2":{"start":{"line":3,"column":13},"end":{"line":3,"column":20}},"3":{"start":{"line":4,"column":13},"end":{"line":4,"column":20}},"4":{"start":{"line":7,"column":0},"end":{"line":18,"column":2}},"5":{"start":{"line":8,"column":2},"end":{"line":17,"column":3}},"6":{"start":{"line":9,"column":25},"end":{"line":13,"column":6}},"7":{"start":{"line":14,"column":4},"end":{"line":14,"column":39}},"8":{"start":{"line":16,"column":4},"end":{"line":16,"column":51}},"9":{"start":{"line":21,"column":0},"end":{"line":37,"column":2}},"10":{"start":{"line":22,"column":2},"end":{"line":36,"column":3}},"11":{"start":{"line":23,"column":15},"end":{"line":23,"column":28}},"12":{"start":{"line":24,"column":24},"end":{"line":28,"column":6}},"13":{"start":{"line":29,"column":4},"end":{"line":31,"column":5}},"14":{"start":{"line":30,"column":6},"end":{"line":30,"column":73}},"15":{"start":{"line":33,"column":4},"end":{"line":33,"column":38}},"16":{"start":{"line":35,"column":4},"end":{"line":35,"column":51}},"17":{"start":{"line":40,"column":0},"end":{"line":55,"column":2}},"18":{"start":{"line":41,"column":2},"end":{"line":54,"column":3}},"19":{"start":{"line":42,"column":19},"end":{"line":42,"column":38}},"20":{"start":{"line":43,"column":25},"end":{"line":50,"column":6}},"21":{"start":{"line":51,"column":4},"end":{"line":51,"column":39}},"22":{"start":{"line":53,"column":4},"end":{"line":53,"column":51}},"23":{"start":{"line":58,"column":0},"end":{"line":69,"column":2}},"24":{"start":{"line":59,"column":71},"end":{"line":59,"column":79}},"25":{"start":{"line":60,"column":19},"end":{"line":60,"column":29}},"26":{"start":{"line":62,"column":2},"end":{"line":68,"column":3}},"27":{"start":{"line":63,"column":24},"end":{"line":63,"column":134}},"28":{"start":{"line":64,"column":17},"end":{"line":64,"column":117}},"29":{"start":{"line":65,"column":4},"end":{"line":65,"column":48}},"30":{"start":{"line":67,"column":4},"end":{"line":67,"column":51}},"31":{"start":{"line":72,"column":0},"end":{"line":97,"column":2}},"32":{"start":{"line":73,"column":13},"end":{"line":73,"column":26}},"33":{"start":{"line":74,"column":79},"end":{"line":74,"column":87}},"34":{"start":{"line":75,"column":19},"end":{"line":75,"column":29}},"35":{"start":{"line":77,"column":2},"end":{"line":96,"column":3}},"36":{"start":{"line":78,"column":24},"end":{"line":78,"column":54}},"37":{"start":{"line":79,"column":4},"end":{"line":81,"column":5}},"38":{"start":{"line":80,"column":6},"end":{"line":80,"column":73}},"39":{"start":{"line":82,"column":4},"end":{"line":84,"column":5}},"40":{"start":{"line":83,"column":6},"end":{"line":83,"column":101}},"41":{"start":{"line":86,"column":18},"end":{"line":88,"column":6}},"42":{"start":{"line":89,"column":4},"end":{"line":93,"column":5}},"43":{"start":{"line":90,"column":6},"end":{"line":90,"column":81}},"44":{"start":{"line":92,"column":6},"end":{"line":92,"column":138}},"45":{"start":{"line":95,"column":4},"end":{"line":95,"column":51}},"46":{"start":{"line":100,"column":0},"end":{"line":124,"column":2}},"47":{"start":{"line":101,"column":13},"end":{"line":101,"column":26}},"48":{"start":{"line":102,"column":19},"end":{"line":102,"column":29}},"49":{"start":{"line":104,"column":2},"end":{"line":123,"column":3}},"50":{"start":{"line":105,"column":24},"end":{"line":105,"column":54}},"51":{"start":{"line":106,"column":4},"end":{"line":108,"column":5}},"52":{"start":{"line":107,"column":6},"end":{"line":107,"column":73}},"53":{"start":{"line":109,"column":4},"end":{"line":111,"column":5}},"54":{"start":{"line":110,"column":6},"end":{"line":110,"column":101}},"55":{"start":{"line":113,"column":16},"end":{"line":115,"column":6}},"56":{"start":{"line":116,"column":4},"end":{"line":120,"column":5}},"57":{"start":{"line":117,"column":6},"end":{"line":117,"column":81}},"58":{"start":{"line":119,"column":6},"end":{"line":119,"column":117}},"59":{"start":{"line":122,"column":4},"end":{"line":122,"column":51}}},"fnMap":{"0":{"name":"(anonymous_0)","decl":{"start":{"line":7,"column":29},"end":{"line":7,"column":30}},"loc":{"start":{"line":7,"column":49},"end":{"line":18,"column":1}},"line":7},"1":{"name":"(anonymous_1)","decl":{"start":{"line":21,"column":29},"end":{"line":21,"column":30}},"loc":{"start":{"line":21,"column":49},"end":{"line":37,"column":1}},"line":21},"2":{"name":"(anonymous_2)","decl":{"start":{"line":40,"column":34},"end":{"line":40,"column":35}},"loc":{"start":{"line":40,"column":54},"end":{"line":55,"column":1}},"line":40},"3":{"name":"(anonymous_3)","decl":{"start":{"line":58,"column":28},"end":{"line":58,"column":29}},"loc":{"start":{"line":58,"column":48},"end":{"line":69,"column":1}},"line":58},"4":{"name":"(anonymous_4)","decl":{"start":{"line":72,"column":28},"end":{"line":72,"column":29}},"loc":{"start":{"line":72,"column":48},"end":{"line":97,"column":1}},"line":72},"5":{"name":"(anonymous_5)","decl":{"start":{"line":100,"column":28},"end":{"line":100,"column":29}},"loc":{"start":{"line":100,"column":48},"end":{"line":124,"column":1}},"line":100}},"branchMap":{"0":{"loc":{"start":{"line":29,"column":4},"end":{"line":31,"column":5}},"type":"if","locations":[{"start":{"line":29,"column":4},"end":{"line":31,"column":5}},{"start":{},"end":{}}],"line":29},"1":{"loc":{"start":{"line":79,"column":4},"end":{"line":81,"column":5}},"type":"if","locations":[{"start":{"line":79,"column":4},"end":{"line":81,"column":5}},{"start":{},"end":{}}],"line":79},"2":{"loc":{"start":{"line":82,"column":4},"end":{"line":84,"column":5}},"type":"if","locations":[{"start":{"line":82,"column":4},"end":{"line":84,"column":5}},{"start":{},"end":{}}],"line":82},"3":{"loc":{"start":{"line":89,"column":4},"end":{"line":93,"column":5}},"type":"if","locations":[{"start":{"line":89,"column":4},"end":{"line":93,"column":5}},{"start":{"line":91,"column":11},"end":{"line":93,"column":5}}],"line":89},"4":{"loc":{"start":{"line":106,"column":4},"end":{"line":108,"column":5}},"type":"if","locations":[{"start":{"line":106,"column":4},"end":{"line":108,"column":5}},{"start":{},"end":{}}],"line":106},"5":{"loc":{"start":{"line":109,"column":4},"end":{"line":111,"column":5}},"type":"if","locations":[{"start":{"line":109,"column":4},"end":{"line":111,"column":5}},{"start":{},"end":{}}],"line":109},"6":{"loc":{"start":{"line":116,"column":4},"end":{"line":120,"column":5}},"type":"if","locations":[{"start":{"line":116,"column":4},"end":{"line":120,"column":5}},{"start":{"line":118,"column":11},"end":{"line":120,"column":5}}],"line":116}},"s":{"0":1,"1":1,"2":1,"3":1,"4":1,"5":2,"6":2,"7":1,"8":1,"9":1,"10":3,"11":3,"12":3,"13":2,"14":1,"15":1,"16":1,"17":1,"18":2,"19":2,"20":2,"21":1,"22":1,"23":1,"24":2,"25":2,"26":2,"27":2,"28":1,"29":1,"30":1,"31":1,"32":4,"33":4,"34":4,"35":4,"36":4,"37":3,"38":1,"39":2,"40":1,"41":1,"42":1,"43":1,"44":0,"45":1,"46":1,"47":0,"48":0,"49":0,"50":0,"51":0,"52":0,"53":0,"54":0,"55":0,"56":0,"57":0,"58":0,"59":0},"f":{"0":2,"1":3,"2":2,"3":2,"4":4,"5":0},"b":{"0":[1,1],"1":[1,2],"2":[1,1],"3":[1,0],"4":[0,0],"5":[0,0],"6":[0,0]},"_coverageSchema":"1a1c01bbd47fc00a2c39e90264f33305004495a9","hash":"2cf88ade9260511b5b46e22becff302e956f9314"}
,"/home/vcruzlabra/carpool-backend/carpool-app/app/controllers/request.controller.js": {"path":"/home/vcruzlabra/carpool-backend/carpool-app/app/controllers/request.controller.js","statementMap":{"0":{"start":{"line":2,"column":11},"end":{"line":2,"column":31}},"1":{"start":{"line":3,"column":16},"end":{"line":3,"column":26}},"2":{"start":{"line":4,"column":20},"end":{"line":4,"column":34}},"3":{"start":{"line":5,"column":13},"end":{"line":5,"column":20}},"4":{"start":{"line":6,"column":13},"end":{"line":6,"column":20}},"5":{"start":{"line":9,"column":0},"end":{"line":28,"column":2}},"6":{"start":{"line":10,"column":2},"end":{"line":27,"column":3}},"7":{"start":{"line":11,"column":21},"end":{"line":11,"column":31}},"8":{"start":{"line":13,"column":25},"end":{"line":21,"column":6}},"9":{"start":{"line":23,"column":21},"end":{"line":23,"column":78}},"10":{"start":{"line":23,"column":57},"end":{"line":23,"column":77}},"11":{"start":{"line":24,"column":4},"end":{"line":24,"column":35}},"12":{"start":{"line":26,"column":4},"end":{"line":26,"column":51}},"13":{"start":{"line":45,"column":0},"end":{"line":69,"column":2}},"14":{"start":{"line":46,"column":2},"end":{"line":68,"column":3}},"15":{"start":{"line":47,"column":26},"end":{"line":47,"column":50}},"16":{"start":{"line":49,"column":24},"end":{"line":56,"column":6}},"17":{"start":{"line":58,"column":4},"end":{"line":60,"column":5}},"18":{"start":{"line":59,"column":6},"end":{"line":59,"column":73}},"19":{"start":{"line":62,"column":4},"end":{"line":65,"column":7}},"20":{"start":{"line":67,"column":4},"end":{"line":67,"column":51}},"21":{"start":{"line":72,"column":0},"end":{"line":84,"column":2}},"22":{"start":{"line":73,"column":2},"end":{"line":83,"column":3}},"23":{"start":{"line":74,"column":24},"end":{"line":74,"column":34}},"24":{"start":{"line":76,"column":21},"end":{"line":78,"column":6}},"25":{"start":{"line":80,"column":4},"end":{"line":80,"column":35}},"26":{"start":{"line":82,"column":4},"end":{"line":82,"column":51}},"27":{"start":{"line":87,"column":0},"end":{"line":101,"column":2}},"28":{"start":{"line":88,"column":2},"end":{"line":100,"column":3}},"29":{"start":{"line":89,"column":22},"end":{"line":89,"column":42}},"30":{"start":{"line":91,"column":20},"end":{"line":91,"column":53}},"31":{"start":{"line":93,"column":4},"end":{"line":95,"column":5}},"32":{"start":{"line":94,"column":6},"end":{"line":94,"column":69}},"33":{"start":{"line":97,"column":4},"end":{"line":97,"column":34}},"34":{"start":{"line":99,"column":4},"end":{"line":99,"column":51}},"35":{"start":{"line":117,"column":0},"end":{"line":138,"column":2}},"36":{"start":{"line":118,"column":2},"end":{"line":137,"column":3}},"37":{"start":{"line":119,"column":47},"end":{"line":119,"column":55}},"38":{"start":{"line":120,"column":24},"end":{"line":120,"column":34}},"39":{"start":{"line":122,"column":24},"end":{"line":122,"column":65}},"40":{"start":{"line":124,"column":4},"end":{"line":126,"column":5}},"41":{"start":{"line":125,"column":6},"end":{"line":125,"column":73}},"42":{"start":{"line":128,"column":4},"end":{"line":130,"column":5}},"43":{"start":{"line":129,"column":6},"end":{"line":129,"column":70}},"44":{"start":{"line":132,"column":20},"end":{"line":132,"column":108}},"45":{"start":{"line":134,"column":4},"end":{"line":134,"column":34}},"46":{"start":{"line":136,"column":4},"end":{"line":136,"column":51}},"47":{"start":{"line":183,"column":0},"end":{"line":229,"column":2}},"48":{"start":{"line":184,"column":2},"end":{"line":228,"column":3}},"49":{"start":{"line":185,"column":22},"end":{"line":185,"column":42}},"50":{"start":{"line":186,"column":23},"end":{"line":186,"column":31}},"51":{"start":{"line":187,"column":19},"end":{"line":187,"column":29}},"52":{"start":{"line":190,"column":20},"end":{"line":195,"column":6}},"53":{"start":{"line":197,"column":4},"end":{"line":199,"column":5}},"54":{"start":{"line":198,"column":6},"end":{"line":198,"column":92}},"55":{"start":{"line":202,"column":4},"end":{"line":204,"column":5}},"56":{"start":{"line":203,"column":6},"end":{"line":203,"column":111}},"57":{"start":{"line":207,"column":4},"end":{"line":209,"column":5}},"58":{"start":{"line":208,"column":6},"end":{"line":208,"column":92}},"59":{"start":{"line":212,"column":27},"end":{"line":214,"column":6}},"60":{"start":{"line":216,"column":4},"end":{"line":225,"column":5}},"61":{"start":{"line":217,"column":6},"end":{"line":220,"column":7}},"62":{"start":{"line":218,"column":21},"end":{"line":218,"column":140}},"63":{"start":{"line":219,"column":8},"end":{"line":219,"column":158}},"64":{"start":{"line":222,"column":6},"end":{"line":222,"column":84}},"65":{"start":{"line":224,"column":6},"end":{"line":224,"column":87}},"66":{"start":{"line":227,"column":4},"end":{"line":227,"column":51}}},"fnMap":{"0":{"name":"(anonymous_0)","decl":{"start":{"line":9,"column":34},"end":{"line":9,"column":35}},"loc":{"start":{"line":9,"column":54},"end":{"line":28,"column":1}},"line":9},"1":{"name":"(anonymous_1)","decl":{"start":{"line":23,"column":42},"end":{"line":23,"column":43}},"loc":{"start":{"line":23,"column":57},"end":{"line":23,"column":77}},"line":23},"2":{"name":"(anonymous_2)","decl":{"start":{"line":45,"column":36},"end":{"line":45,"column":37}},"loc":{"start":{"line":45,"column":56},"end":{"line":69,"column":1}},"line":45},"3":{"name":"(anonymous_3)","decl":{"start":{"line":72,"column":37},"end":{"line":72,"column":38}},"loc":{"start":{"line":72,"column":57},"end":{"line":84,"column":1}},"line":72},"4":{"name":"(anonymous_4)","decl":{"start":{"line":87,"column":25},"end":{"line":87,"column":26}},"loc":{"start":{"line":87,"column":45},"end":{"line":101,"column":1}},"line":87},"5":{"name":"(anonymous_5)","decl":{"start":{"line":117,"column":24},"end":{"line":117,"column":25}},"loc":{"start":{"line":117,"column":44},"end":{"line":138,"column":1}},"line":117},"6":{"name":"(anonymous_6)","decl":{"start":{"line":183,"column":30},"end":{"line":183,"column":31}},"loc":{"start":{"line":183,"column":50},"end":{"line":229,"column":1}},"line":183}},"branchMap":{"0":{"loc":{"start":{"line":58,"column":4},"end":{"line":60,"column":5}},"type":"if","locations":[{"start":{"line":58,"column":4},"end":{"line":60,"column":5}},{"start":{},"end":{}}],"line":58},"1":{"loc":{"start":{"line":93,"column":4},"end":{"line":95,"column":5}},"type":"if","locations":[{"start":{"line":93,"column":4},"end":{"line":95,"column":5}},{"start":{},"end":{}}],"line":93},"2":{"loc":{"start":{"line":124,"column":4},"end":{"line":126,"column":5}},"type":"if","locations":[{"start":{"line":124,"column":4},"end":{"line":126,"column":5}},{"start":{},"end":{}}],"line":124},"3":{"loc":{"start":{"line":128,"column":4},"end":{"line":130,"column":5}},"type":"if","locations":[{"start":{"line":128,"column":4},"end":{"line":130,"column":5}},{"start":{},"end":{}}],"line":128},"4":{"loc":{"start":{"line":197,"column":4},"end":{"line":199,"column":5}},"type":"if","locations":[{"start":{"line":197,"column":4},"end":{"line":199,"column":5}},{"start":{},"end":{}}],"line":197},"5":{"loc":{"start":{"line":202,"column":4},"end":{"line":204,"column":5}},"type":"if","locations":[{"start":{"line":202,"column":4},"end":{"line":204,"column":5}},{"start":{},"end":{}}],"line":202},"6":{"loc":{"start":{"line":207,"column":4},"end":{"line":209,"column":5}},"type":"if","locations":[{"start":{"line":207,"column":4},"end":{"line":209,"column":5}},{"start":{},"end":{}}],"line":207},"7":{"loc":{"start":{"line":207,"column":8},"end":{"line":207,"column":72}},"type":"binary-expr","locations":[{"start":{"line":207,"column":8},"end":{"line":207,"column":29}},{"start":{"line":207,"column":33},"end":{"line":207,"column":72}}],"line":207},"8":{"loc":{"start":{"line":216,"column":4},"end":{"line":225,"column":5}},"type":"if","locations":[{"start":{"line":216,"column":4},"end":{"line":225,"column":5}},{"start":{"line":223,"column":11},"end":{"line":225,"column":5}}],"line":216},"9":{"loc":{"start":{"line":217,"column":6},"end":{"line":220,"column":7}},"type":"if","locations":[{"start":{"line":217,"column":6},"end":{"line":220,"column":7}},{"start":{},"end":{}}],"line":217}},"s":{"0":1,"1":1,"2":1,"3":1,"4":1,"5":1,"6":2,"7":2,"8":2,"9":1,"10":1,"11":1,"12":1,"13":1,"14":3,"15":3,"16":3,"17":2,"18":1,"19":1,"20":1,"21":1,"22":2,"23":2,"24":2,"25":1,"26":1,"27":1,"28":3,"29":3,"30":3,"31":2,"32":1,"33":1,"34":1,"35":1,"36":3,"37":3,"38":3,"39":3,"40":2,"41":0,"42":2,"43":1,"44":1,"45":1,"46":1,"47":1,"48":4,"49":4,"50":4,"51":4,"52":4,"53":3,"54":1,"55":2,"56":1,"57":1,"58":0,"59":1,"60":1,"61":1,"62":1,"63":1,"64":1,"65":0,"66":1},"f":{"0":2,"1":1,"2":3,"3":2,"4":3,"5":3,"6":4},"b":{"0":[1,1],"1":[1,1],"2":[0,2],"3":[1,1],"4":[1,2],"5":[1,1],"6":[0,1],"7":[1,1],"8":[1,0],"9":[1,0]},"_coverageSchema":"1a1c01bbd47fc00a2c39e90264f33305004495a9","hash":"81455c7e9044a50bc1a8fdf21b8396fac4f068ba"}
,"/home/vcruzlabra/carpool-backend/carpool-app/app/controllers/review.controller.js": {"path":"/home/vcruzlabra/carpool-backend/carpool-app/app/controllers/review.controller.js","statementMap":{"0":{"start":{"line":1,"column":11},"end":{"line":1,"column":31}},"1":{"start":{"line":2,"column":15},"end":{"line":2,"column":24}},"2":{"start":{"line":5,"column":0},"end":{"line":13,"column":2}},"3":{"start":{"line":6,"column":4},"end":{"line":12,"column":5}},"4":{"start":{"line":7,"column":23},"end":{"line":7,"column":40}},"5":{"start":{"line":8,"column":24},"end":{"line":8,"column":75}},"6":{"start":{"line":9,"column":8},"end":{"line":9,"column":38}},"7":{"start":{"line":11,"column":8},"end":{"line":11,"column":55}},"8":{"start":{"line":16,"column":0},"end":{"line":24,"column":2}},"9":{"start":{"line":17,"column":4},"end":{"line":23,"column":5}},"10":{"start":{"line":18,"column":23},"end":{"line":18,"column":40}},"11":{"start":{"line":19,"column":24},"end":{"line":19,"column":75}},"12":{"start":{"line":20,"column":8},"end":{"line":20,"column":38}},"13":{"start":{"line":22,"column":8},"end":{"line":22,"column":55}},"14":{"start":{"line":27,"column":0},"end":{"line":41,"column":2}},"15":{"start":{"line":28,"column":4},"end":{"line":40,"column":5}},"16":{"start":{"line":29,"column":23},"end":{"line":29,"column":33}},"17":{"start":{"line":30,"column":44},"end":{"line":30,"column":52}},"18":{"start":{"line":32,"column":8},"end":{"line":34,"column":9}},"19":{"start":{"line":33,"column":12},"end":{"line":33,"column":87}},"20":{"start":{"line":36,"column":23},"end":{"line":36,"column":79}},"21":{"start":{"line":37,"column":8},"end":{"line":37,"column":37}},"22":{"start":{"line":39,"column":8},"end":{"line":39,"column":55}},"23":{"start":{"line":44,"column":0},"end":{"line":74,"column":2}},"24":{"start":{"line":45,"column":21},"end":{"line":45,"column":40}},"25":{"start":{"line":46,"column":19},"end":{"line":46,"column":29}},"26":{"start":{"line":47,"column":32},"end":{"line":47,"column":40}},"27":{"start":{"line":49,"column":4},"end":{"line":73,"column":5}},"28":{"start":{"line":50,"column":23},"end":{"line":50,"column":54}},"29":{"start":{"line":51,"column":8},"end":{"line":53,"column":9}},"30":{"start":{"line":52,"column":12},"end":{"line":52,"column":95}},"31":{"start":{"line":56,"column":8},"end":{"line":58,"column":9}},"32":{"start":{"line":57,"column":12},"end":{"line":57,"column":102}},"33":{"start":{"line":61,"column":29},"end":{"line":64,"column":9}},"34":{"start":{"line":66,"column":8},"end":{"line":70,"column":9}},"35":{"start":{"line":67,"column":12},"end":{"line":67,"column":82}},"36":{"start":{"line":69,"column":12},"end":{"line":69,"column":140}},"37":{"start":{"line":72,"column":8},"end":{"line":72,"column":55}},"38":{"start":{"line":77,"column":0},"end":{"line":104,"column":2}},"39":{"start":{"line":78,"column":21},"end":{"line":78,"column":40}},"40":{"start":{"line":79,"column":19},"end":{"line":79,"column":29}},"41":{"start":{"line":81,"column":4},"end":{"line":103,"column":5}},"42":{"start":{"line":82,"column":23},"end":{"line":82,"column":54}},"43":{"start":{"line":83,"column":8},"end":{"line":85,"column":9}},"44":{"start":{"line":84,"column":12},"end":{"line":84,"column":95}},"45":{"start":{"line":88,"column":8},"end":{"line":90,"column":9}},"46":{"start":{"line":89,"column":12},"end":{"line":89,"column":102}},"47":{"start":{"line":92,"column":27},"end":{"line":94,"column":10}},"48":{"start":{"line":96,"column":8},"end":{"line":100,"column":9}},"49":{"start":{"line":97,"column":12},"end":{"line":97,"column":82}},"50":{"start":{"line":99,"column":12},"end":{"line":99,"column":119}},"51":{"start":{"line":102,"column":8},"end":{"line":102,"column":55}},"52":{"start":{"line":106,"column":0},"end":{"line":117,"column":2}},"53":{"start":{"line":107,"column":4},"end":{"line":116,"column":5}},"54":{"start":{"line":108,"column":19},"end":{"line":108,"column":32}},"55":{"start":{"line":109,"column":23},"end":{"line":109,"column":48}},"56":{"start":{"line":110,"column":8},"end":{"line":112,"column":9}},"57":{"start":{"line":111,"column":12},"end":{"line":111,"column":74}},"58":{"start":{"line":113,"column":8},"end":{"line":113,"column":37}},"59":{"start":{"line":115,"column":8},"end":{"line":115,"column":55}}},"fnMap":{"0":{"name":"(anonymous_0)","decl":{"start":{"line":5,"column":30},"end":{"line":5,"column":31}},"loc":{"start":{"line":5,"column":50},"end":{"line":13,"column":1}},"line":5},"1":{"name":"(anonymous_1)","decl":{"start":{"line":16,"column":30},"end":{"line":16,"column":31}},"loc":{"start":{"line":16,"column":50},"end":{"line":24,"column":1}},"line":16},"2":{"name":"(anonymous_2)","decl":{"start":{"line":27,"column":23},"end":{"line":27,"column":24}},"loc":{"start":{"line":27,"column":43},"end":{"line":41,"column":1}},"line":27},"3":{"name":"(anonymous_3)","decl":{"start":{"line":44,"column":23},"end":{"line":44,"column":24}},"loc":{"start":{"line":44,"column":43},"end":{"line":74,"column":1}},"line":44},"4":{"name":"(anonymous_4)","decl":{"start":{"line":77,"column":23},"end":{"line":77,"column":24}},"loc":{"start":{"line":77,"column":43},"end":{"line":104,"column":1}},"line":77},"5":{"name":"(anonymous_5)","decl":{"start":{"line":106,"column":24},"end":{"line":106,"column":25}},"loc":{"start":{"line":106,"column":44},"end":{"line":117,"column":1}},"line":106}},"branchMap":{"0":{"loc":{"start":{"line":32,"column":8},"end":{"line":34,"column":9}},"type":"if","locations":[{"start":{"line":32,"column":8},"end":{"line":34,"column":9}},{"start":{},"end":{}}],"line":32},"1":{"loc":{"start":{"line":32,"column":12},"end":{"line":32,"column":53}},"type":"binary-expr","locations":[{"start":{"line":32,"column":12},"end":{"line":32,"column":19}},{"start":{"line":32,"column":23},"end":{"line":32,"column":30}},{"start":{"line":32,"column":34},"end":{"line":32,"column":41}},{"start":{"line":32,"column":45},"end":{"line":32,"column":53}}],"line":32},"2":{"loc":{"start":{"line":51,"column":8},"end":{"line":53,"column":9}},"type":"if","locations":[{"start":{"line":51,"column":8},"end":{"line":53,"column":9}},{"start":{},"end":{}}],"line":51},"3":{"loc":{"start":{"line":56,"column":8},"end":{"line":58,"column":9}},"type":"if","locations":[{"start":{"line":56,"column":8},"end":{"line":58,"column":9}},{"start":{},"end":{}}],"line":56},"4":{"loc":{"start":{"line":66,"column":8},"end":{"line":70,"column":9}},"type":"if","locations":[{"start":{"line":66,"column":8},"end":{"line":70,"column":9}},{"start":{"line":68,"column":15},"end":{"line":70,"column":9}}],"line":66},"5":{"loc":{"start":{"line":83,"column":8},"end":{"line":85,"column":9}},"type":"if","locations":[{"start":{"line":83,"column":8},"end":{"line":85,"column":9}},{"start":{},"end":{}}],"line":83},"6":{"loc":{"start":{"line":88,"column":8},"end":{"line":90,"column":9}},"type":"if","locations":[{"start":{"line":88,"column":8},"end":{"line":90,"column":9}},{"start":{},"end":{}}],"line":88},"7":{"loc":{"start":{"line":96,"column":8},"end":{"line":100,"column":9}},"type":"if","locations":[{"start":{"line":96,"column":8},"end":{"line":100,"column":9}},{"start":{"line":98,"column":15},"end":{"line":100,"column":9}}],"line":96},"8":{"loc":{"start":{"line":110,"column":8},"end":{"line":112,"column":9}},"type":"if","locations":[{"start":{"line":110,"column":8},"end":{"line":112,"column":9}},{"start":{},"end":{}}],"line":110}},"s":{"0":1,"1":1,"2":1,"3":2,"4":2,"5":2,"6":1,"7":1,"8":1,"9":2,"10":2,"11":2,"12":1,"13":1,"14":1,"15":3,"16":3,"17":3,"18":3,"19":1,"20":2,"21":1,"22":1,"23":1,"24":4,"25":4,"26":4,"27":4,"28":4,"29":3,"30":1,"31":2,"32":1,"33":1,"34":1,"35":1,"36":0,"37":1,"38":1,"39":4,"40":4,"41":4,"42":4,"43":3,"44":1,"45":2,"46":1,"47":1,"48":1,"49":1,"50":0,"51":1,"52":1,"53":3,"54":3,"55":3,"56":2,"57":1,"58":1,"59":1},"f":{"0":2,"1":2,"2":3,"3":4,"4":4,"5":3},"b":{"0":[1,2],"1":[3,3,2,2],"2":[1,2],"3":[1,1],"4":[1,0],"5":[1,2],"6":[1,1],"7":[1,0],"8":[1,1]},"_coverageSchema":"1a1c01bbd47fc00a2c39e90264f33305004495a9","hash":"468f6977096ae923fb1454d63a5523b2139bb13f"}
,"/home/vcruzlabra/carpool-backend/carpool-app/app/controllers/vehicle.controller.js": {"path":"/home/vcruzlabra/carpool-backend/carpool-app/app/controllers/vehicle.controller.js","statementMap":{"0":{"start":{"line":1,"column":11},"end":{"line":1,"column":31}},"1":{"start":{"line":2,"column":16},"end":{"line":2,"column":26}},"2":{"start":{"line":4,"column":0},"end":{"line":14,"column":2}},"3":{"start":{"line":5,"column":4},"end":{"line":13,"column":5}},"4":{"start":{"line":6,"column":25},"end":{"line":6,"column":35}},"5":{"start":{"line":7,"column":25},"end":{"line":9,"column":10}},"6":{"start":{"line":10,"column":8},"end":{"line":10,"column":39}},"7":{"start":{"line":12,"column":8},"end":{"line":12,"column":55}},"8":{"start":{"line":16,"column":0},"end":{"line":30,"column":2}},"9":{"start":{"line":17,"column":4},"end":{"line":29,"column":5}},"10":{"start":{"line":18,"column":23},"end":{"line":18,"column":33}},"11":{"start":{"line":19,"column":47},"end":{"line":19,"column":55}},"12":{"start":{"line":21,"column":8},"end":{"line":23,"column":9}},"13":{"start":{"line":22,"column":12},"end":{"line":22,"column":88}},"14":{"start":{"line":25,"column":24},"end":{"line":25,"column":84}},"15":{"start":{"line":26,"column":8},"end":{"line":26,"column":38}},"16":{"start":{"line":28,"column":8},"end":{"line":28,"column":55}},"17":{"start":{"line":32,"column":0},"end":{"line":62,"column":2}},"18":{"start":{"line":33,"column":22},"end":{"line":33,"column":42}},"19":{"start":{"line":34,"column":19},"end":{"line":34,"column":29}},"20":{"start":{"line":35,"column":43},"end":{"line":35,"column":51}},"21":{"start":{"line":37,"column":4},"end":{"line":61,"column":5}},"22":{"start":{"line":38,"column":24},"end":{"line":38,"column":57}},"23":{"start":{"line":39,"column":8},"end":{"line":41,"column":9}},"24":{"start":{"line":40,"column":12},"end":{"line":40,"column":97}},"25":{"start":{"line":44,"column":8},"end":{"line":46,"column":9}},"26":{"start":{"line":45,"column":12},"end":{"line":45,"column":103}},"27":{"start":{"line":49,"column":29},"end":{"line":52,"column":9}},"28":{"start":{"line":54,"column":8},"end":{"line":58,"column":9}},"29":{"start":{"line":55,"column":12},"end":{"line":55,"column":83}},"30":{"start":{"line":57,"column":12},"end":{"line":57,"column":143}},"31":{"start":{"line":60,"column":8},"end":{"line":60,"column":55}},"32":{"start":{"line":64,"column":0},"end":{"line":91,"column":2}},"33":{"start":{"line":65,"column":22},"end":{"line":65,"column":42}},"34":{"start":{"line":66,"column":19},"end":{"line":66,"column":29}},"35":{"start":{"line":68,"column":4},"end":{"line":90,"column":5}},"36":{"start":{"line":69,"column":24},"end":{"line":69,"column":57}},"37":{"start":{"line":70,"column":8},"end":{"line":72,"column":9}},"38":{"start":{"line":71,"column":12},"end":{"line":71,"column":97}},"39":{"start":{"line":75,"column":8},"end":{"line":77,"column":9}},"40":{"start":{"line":76,"column":12},"end":{"line":76,"column":103}},"41":{"start":{"line":79,"column":27},"end":{"line":81,"column":10}},"42":{"start":{"line":83,"column":8},"end":{"line":87,"column":9}},"43":{"start":{"line":84,"column":12},"end":{"line":84,"column":83}},"44":{"start":{"line":86,"column":12},"end":{"line":86,"column":122}},"45":{"start":{"line":89,"column":8},"end":{"line":89,"column":55}},"46":{"start":{"line":93,"column":0},"end":{"line":104,"column":2}},"47":{"start":{"line":94,"column":4},"end":{"line":103,"column":5}},"48":{"start":{"line":95,"column":19},"end":{"line":95,"column":32}},"49":{"start":{"line":96,"column":24},"end":{"line":96,"column":50}},"50":{"start":{"line":97,"column":8},"end":{"line":99,"column":9}},"51":{"start":{"line":98,"column":12},"end":{"line":98,"column":75}},"52":{"start":{"line":100,"column":8},"end":{"line":100,"column":38}},"53":{"start":{"line":102,"column":8},"end":{"line":102,"column":55}}},"fnMap":{"0":{"name":"(anonymous_0)","decl":{"start":{"line":4,"column":34},"end":{"line":4,"column":35}},"loc":{"start":{"line":4,"column":54},"end":{"line":14,"column":1}},"line":4},"1":{"name":"(anonymous_1)","decl":{"start":{"line":16,"column":24},"end":{"line":16,"column":25}},"loc":{"start":{"line":16,"column":44},"end":{"line":30,"column":1}},"line":16},"2":{"name":"(anonymous_2)","decl":{"start":{"line":32,"column":24},"end":{"line":32,"column":25}},"loc":{"start":{"line":32,"column":44},"end":{"line":62,"column":1}},"line":32},"3":{"name":"(anonymous_3)","decl":{"start":{"line":64,"column":24},"end":{"line":64,"column":25}},"loc":{"start":{"line":64,"column":44},"end":{"line":91,"column":1}},"line":64},"4":{"name":"(anonymous_4)","decl":{"start":{"line":93,"column":25},"end":{"line":93,"column":26}},"loc":{"start":{"line":93,"column":45},"end":{"line":104,"column":1}},"line":93}},"branchMap":{"0":{"loc":{"start":{"line":21,"column":8},"end":{"line":23,"column":9}},"type":"if","locations":[{"start":{"line":21,"column":8},"end":{"line":23,"column":9}},{"start":{},"end":{}}],"line":21},"1":{"loc":{"start":{"line":21,"column":12},"end":{"line":21,"column":56}},"type":"binary-expr","locations":[{"start":{"line":21,"column":12},"end":{"line":21,"column":19}},{"start":{"line":21,"column":23},"end":{"line":21,"column":29}},{"start":{"line":21,"column":33},"end":{"line":21,"column":39}},{"start":{"line":21,"column":43},"end":{"line":21,"column":56}}],"line":21},"2":{"loc":{"start":{"line":39,"column":8},"end":{"line":41,"column":9}},"type":"if","locations":[{"start":{"line":39,"column":8},"end":{"line":41,"column":9}},{"start":{},"end":{}}],"line":39},"3":{"loc":{"start":{"line":44,"column":8},"end":{"line":46,"column":9}},"type":"if","locations":[{"start":{"line":44,"column":8},"end":{"line":46,"column":9}},{"start":{},"end":{}}],"line":44},"4":{"loc":{"start":{"line":54,"column":8},"end":{"line":58,"column":9}},"type":"if","locations":[{"start":{"line":54,"column":8},"end":{"line":58,"column":9}},{"start":{"line":56,"column":15},"end":{"line":58,"column":9}}],"line":54},"5":{"loc":{"start":{"line":70,"column":8},"end":{"line":72,"column":9}},"type":"if","locations":[{"start":{"line":70,"column":8},"end":{"line":72,"column":9}},{"start":{},"end":{}}],"line":70},"6":{"loc":{"start":{"line":75,"column":8},"end":{"line":77,"column":9}},"type":"if","locations":[{"start":{"line":75,"column":8},"end":{"line":77,"column":9}},{"start":{},"end":{}}],"line":75},"7":{"loc":{"start":{"line":83,"column":8},"end":{"line":87,"column":9}},"type":"if","locations":[{"start":{"line":83,"column":8},"end":{"line":87,"column":9}},{"start":{"line":85,"column":15},"end":{"line":87,"column":9}}],"line":83},"8":{"loc":{"start":{"line":97,"column":8},"end":{"line":99,"column":9}},"type":"if","locations":[{"start":{"line":97,"column":8},"end":{"line":99,"column":9}},{"start":{},"end":{}}],"line":97}},"s":{"0":1,"1":1,"2":1,"3":2,"4":2,"5":2,"6":1,"7":1,"8":1,"9":3,"10":3,"11":3,"12":3,"13":1,"14":2,"15":1,"16":1,"17":1,"18":4,"19":4,"20":4,"21":4,"22":4,"23":3,"24":1,"25":2,"26":1,"27":1,"28":1,"29":1,"30":0,"31":1,"32":1,"33":4,"34":4,"35":4,"36":4,"37":3,"38":1,"39":2,"40":1,"41":1,"42":1,"43":1,"44":0,"45":1,"46":1,"47":3,"48":3,"49":3,"50":2,"51":1,"52":1,"53":1},"f":{"0":2,"1":3,"2":4,"3":4,"4":3},"b":{"0":[1,2],"1":[3,3,2,2],"2":[1,2],"3":[1,1],"4":[1,0],"5":[1,2],"6":[1,1],"7":[1,0],"8":[1,1]},"_coverageSchema":"1a1c01bbd47fc00a2c39e90264f33305004495a9","hash":"be902f57e6eb461d148036b0da77fd0bd3262a1d"}
}
