TN:
SF:app/controllers/publication.controller.js
FN:7,(anonymous_0)
FN:21,(anonymous_1)
FN:40,(anonymous_2)
FN:58,(anonymous_3)
FN:72,(anonymous_4)
FN:100,(anonymous_5)
FNF:6
FNH:5
FNDA:2,(anonymous_0)
FNDA:3,(anonymous_1)
FNDA:2,(anonymous_2)
FNDA:2,(anonymous_3)
FNDA:4,(anonymous_4)
FNDA:0,(anonymous_5)
DA:1,1
DA:2,1
DA:3,1
DA:4,1
DA:7,1
DA:8,2
DA:9,2
DA:14,1
DA:16,1
DA:21,1
DA:22,3
DA:23,3
DA:24,3
DA:29,2
DA:30,1
DA:33,1
DA:35,1
DA:40,1
DA:41,2
DA:42,2
DA:43,2
DA:51,1
DA:53,1
DA:58,1
DA:59,2
DA:60,2
DA:62,2
DA:63,2
DA:64,1
DA:65,1
DA:67,1
DA:72,1
DA:73,4
DA:74,4
DA:75,4
DA:77,4
DA:78,4
DA:79,3
DA:80,1
DA:82,2
DA:83,1
DA:86,1
DA:89,1
DA:90,1
DA:92,0
DA:95,1
DA:100,1
DA:101,0
DA:102,0
DA:104,0
DA:105,0
DA:106,0
DA:107,0
DA:109,0
DA:110,0
DA:113,0
DA:116,0
DA:117,0
DA:119,0
DA:122,0
LF:60
LH:46
BRDA:29,0,0,1
BRDA:29,0,1,1
BRDA:79,1,0,1
BRDA:79,1,1,2
BRDA:82,2,0,1
BRDA:82,2,1,1
BRDA:89,3,0,1
BRDA:89,3,1,0
BRDA:106,4,0,0
BRDA:106,4,1,0
BRDA:109,5,0,0
BRDA:109,5,1,0
BRDA:116,6,0,0
BRDA:116,6,1,0
BRF:14
BRH:7
end_of_record
TN:
SF:app/controllers/request.controller.js
FN:9,(anonymous_0)
FN:23,(anonymous_1)
FN:45,(anonymous_2)
FN:72,(anonymous_3)
FN:87,(anonymous_4)
FN:117,(anonymous_5)
FN:183,(anonymous_6)
FNF:7
FNH:7
FNDA:2,(anonymous_0)
FNDA:1,(anonymous_1)
FNDA:3,(anonymous_2)
FNDA:2,(anonymous_3)
FNDA:3,(anonymous_4)
FNDA:3,(anonymous_5)
FNDA:4,(anonymous_6)
DA:2,1
DA:3,1
DA:4,1
DA:5,1
DA:6,1
DA:9,1
DA:10,2
DA:11,2
DA:13,2
DA:23,1
DA:24,1
DA:26,1
DA:45,1
DA:46,3
DA:47,3
DA:49,3
DA:58,2
DA:59,1
DA:62,1
DA:67,1
DA:72,1
DA:73,2
DA:74,2
DA:76,2
DA:80,1
DA:82,1
DA:87,1
DA:88,3
DA:89,3
DA:91,3
DA:93,2
DA:94,1
DA:97,1
DA:99,1
DA:117,1
DA:118,3
DA:119,3
DA:120,3
DA:122,3
DA:124,2
DA:125,0
DA:128,2
DA:129,1
DA:132,1
DA:134,1
DA:136,1
DA:183,1
DA:184,4
DA:185,4
DA:186,4
DA:187,4
DA:190,4
DA:197,3
DA:198,1
DA:202,2
DA:203,1
DA:207,1
DA:208,0
DA:212,1
DA:216,1
DA:217,1
DA:218,1
DA:219,1
DA:222,1
DA:224,0
DA:227,1
LF:66
LH:63
BRDA:58,0,0,1
BRDA:58,0,1,1
BRDA:93,1,0,1
BRDA:93,1,1,1
BRDA:124,2,0,0
BRDA:124,2,1,2
BRDA:128,3,0,1
BRDA:128,3,1,1
BRDA:197,4,0,1
BRDA:197,4,1,2
BRDA:202,5,0,1
BRDA:202,5,1,1
BRDA:207,6,0,0
BRDA:207,6,1,1
BRDA:207,7,0,1
BRDA:207,7,1,1
BRDA:216,8,0,1
BRDA:216,8,1,0
BRDA:217,9,0,1
BRDA:217,9,1,0
BRF:20
BRH:16
end_of_record
TN:
SF:app/controllers/review.controller.js
FN:5,(anonymous_0)
FN:16,(anonymous_1)
FN:27,(anonymous_2)
FN:44,(anonymous_3)
FN:77,(anonymous_4)
FN:106,(anonymous_5)
FNF:6
FNH:6
FNDA:2,(anonymous_0)
FNDA:2,(anonymous_1)
FNDA:3,(anonymous_2)
FNDA:4,(anonymous_3)
FNDA:4,(anonymous_4)
FNDA:3,(anonymous_5)
DA:1,1
DA:2,1
DA:5,1
DA:6,2
DA:7,2
DA:8,2
DA:9,1
DA:11,1
DA:16,1
DA:17,2
DA:18,2
DA:19,2
DA:20,1
DA:22,1
DA:27,1
DA:28,3
DA:29,3
DA:30,3
DA:32,3
DA:33,1
DA:36,2
DA:37,1
DA:39,1
DA:44,1
DA:45,4
DA:46,4
DA:47,4
DA:49,4
DA:50,4
DA:51,3
DA:52,1
DA:56,2
DA:57,1
DA:61,1
DA:66,1
DA:67,1
DA:69,0
DA:72,1
DA:77,1
DA:78,4
DA:79,4
DA:81,4
DA:82,4
DA:83,3
DA:84,1
DA:88,2
DA:89,1
DA:92,1
DA:96,1
DA:97,1
DA:99,0
DA:102,1
DA:106,1
DA:107,3
DA:108,3
DA:109,3
DA:110,2
DA:111,1
DA:113,1
DA:115,1
LF:60
LH:58
BRDA:32,0,0,1
BRDA:32,0,1,2
BRDA:32,1,0,3
BRDA:32,1,1,3
BRDA:32,1,2,2
BRDA:32,1,3,2
BRDA:51,2,0,1
BRDA:51,2,1,2
BRDA:56,3,0,1
BRDA:56,3,1,1
BRDA:66,4,0,1
BRDA:66,4,1,0
BRDA:83,5,0,1
BRDA:83,5,1,2
BRDA:88,6,0,1
BRDA:88,6,1,1
BRDA:96,7,0,1
BRDA:96,7,1,0
BRDA:110,8,0,1
BRDA:110,8,1,1
BRF:20
BRH:18
end_of_record
TN:
SF:app/controllers/vehicle.controller.js
FN:4,(anonymous_0)
FN:16,(anonymous_1)
FN:32,(anonymous_2)
FN:64,(anonymous_3)
FN:93,(anonymous_4)
FNF:5
FNH:5
FNDA:2,(anonymous_0)
FNDA:3,(anonymous_1)
FNDA:4,(anonymous_2)
FNDA:4,(anonymous_3)
FNDA:3,(anonymous_4)
DA:1,1
DA:2,1
DA:4,1
DA:5,2
DA:6,2
DA:7,2
DA:10,1
DA:12,1
DA:16,1
DA:17,3
DA:18,3
DA:19,3
DA:21,3
DA:22,1
DA:25,2
DA:26,1
DA:28,1
DA:32,1
DA:33,4
DA:34,4
DA:35,4
DA:37,4
DA:38,4
DA:39,3
DA:40,1
DA:44,2
DA:45,1
DA:49,1
DA:54,1
DA:55,1
DA:57,0
DA:60,1
DA:64,1
DA:65,4
DA:66,4
DA:68,4
DA:69,4
DA:70,3
DA:71,1
DA:75,2
DA:76,1
DA:79,1
DA:83,1
DA:84,1
DA:86,0
DA:89,1
DA:93,1
DA:94,3
DA:95,3
DA:96,3
DA:97,2
DA:98,1
DA:100,1
DA:102,1
LF:54
LH:52
BRDA:21,0,0,1
BRDA:21,0,1,2
BRDA:21,1,0,3
BRDA:21,1,1,3
BRDA:21,1,2,2
BRDA:21,1,3,2
BRDA:39,2,0,1
BRDA:39,2,1,2
BRDA:44,3,0,1
BRDA:44,3,1,1
BRDA:54,4,0,1
BRDA:54,4,1,0
BRDA:70,5,0,1
BRDA:70,5,1,2
BRDA:75,6,0,1
BRDA:75,6,1,1
BRDA:83,7,0,1
BRDA:83,7,1,0
BRDA:97,8,0,1
BRDA:97,8,1,1
BRF:20
BRH:18
end_of_record
