TN:
SF:app/controllers/publication.controller.js
FN:9,(anonymous_0)
FN:23,(anonymous_1)
FN:42,(anonymous_2)
FN:61,(anonymous_3)
FN:79,(anonymous_4)
FN:93,(anonymous_5)
FN:121,(anonymous_6)
FN:148,(anonymous_7)
FNF:8
FNH:7
FNDA:2,(anonymous_0)
FNDA:3,(anonymous_1)
FNDA:3,(anonymous_2)
FNDA:2,(anonymous_3)
FNDA:2,(anonymous_4)
FNDA:4,(anonymous_5)
FNDA:0,(anonymous_6)
FNDA:4,(anonymous_7)
DA:1,1
DA:2,1
DA:3,1
DA:4,1
DA:5,1
DA:6,1
DA:9,1
DA:10,2
DA:11,2
DA:16,1
DA:18,1
DA:23,1
DA:24,3
DA:25,3
DA:27,3
DA:28,3
DA:30,3
DA:31,1
DA:33,2
DA:35,2
DA:37,1
DA:42,1
DA:43,3
DA:44,3
DA:45,3
DA:50,2
DA:51,1
DA:54,1
DA:56,1
DA:61,1
DA:62,2
DA:63,2
DA:64,2
DA:72,1
DA:74,1
DA:79,1
DA:80,2
DA:81,2
DA:83,2
DA:84,2
DA:85,1
DA:86,1
DA:88,1
DA:93,1
DA:94,4
DA:95,4
DA:96,4
DA:98,4
DA:99,4
DA:100,3
DA:101,1
DA:103,2
DA:104,1
DA:107,1
DA:110,1
DA:111,1
DA:113,0
DA:116,1
DA:121,1
DA:122,0
DA:123,0
DA:125,0
DA:126,0
DA:127,0
DA:128,0
DA:130,0
DA:131,0
DA:134,0
DA:137,0
DA:138,0
DA:140,0
DA:143,0
DA:148,1
DA:149,4
DA:150,4
DA:152,4
DA:153,4
DA:154,3
DA:155,1
DA:157,2
DA:158,1
DA:162,1
DA:165,1
DA:167,1
DA:169,1
LF:85
LH:71
BRDA:30,0,0,1
BRDA:30,0,1,2
BRDA:50,1,0,1
BRDA:50,1,1,1
BRDA:100,2,0,1
BRDA:100,2,1,2
BRDA:103,3,0,1
BRDA:103,3,1,1
BRDA:110,4,0,1
BRDA:110,4,1,0
BRDA:127,5,0,0
BRDA:127,5,1,0
BRDA:130,6,0,0
BRDA:130,6,1,0
BRDA:137,7,0,0
BRDA:137,7,1,0
BRDA:154,8,0,1
BRDA:154,8,1,2
BRDA:157,9,0,1
BRDA:157,9,1,1
BRF:20
BRH:13
end_of_record
TN:
SF:app/controllers/request.controller.js
FN:9,(anonymous_0)
FN:23,(anonymous_1)
FN:45,(anonymous_2)
FN:79,(anonymous_3)
FN:94,(anonymous_4)
FN:124,(anonymous_5)
FN:201,(anonymous_6)
FN:249,(anonymous_7)
FN:287,(anonymous_8)
FN:345,(anonymous_9)
FNF:10
FNH:8
FNDA:2,(anonymous_0)
FNDA:1,(anonymous_1)
FNDA:3,(anonymous_2)
FNDA:2,(anonymous_3)
FNDA:3,(anonymous_4)
FNDA:4,(anonymous_5)
FNDA:4,(anonymous_6)
FNDA:4,(anonymous_7)
FNDA:0,(anonymous_8)
FNDA:0,(anonymous_9)
DA:2,1
DA:3,1
DA:4,1
DA:5,1
DA:6,1
DA:9,1
DA:10,2
DA:11,2
DA:13,2
DA:23,1
DA:24,1
DA:26,1
DA:45,1
DA:46,3
DA:47,3
DA:49,3
DA:65,2
DA:66,1
DA:69,1
DA:74,1
DA:79,1
DA:80,2
DA:81,2
DA:83,2
DA:87,1
DA:89,1
DA:94,1
DA:95,3
DA:96,3
DA:98,3
DA:100,2
DA:101,1
DA:104,1
DA:106,1
DA:124,1
DA:125,4
DA:126,4
DA:127,4
DA:129,4
DA:131,3
DA:132,0
DA:135,3
DA:136,1
DA:139,2
DA:146,2
DA:147,1
DA:150,1
DA:152,1
DA:154,1
DA:201,1
DA:202,4
DA:203,4
DA:204,4
DA:205,4
DA:208,4
DA:215,3
DA:216,1
DA:220,2
DA:221,1
DA:225,1
DA:226,0
DA:230,1
DA:234,1
DA:235,1
DA:236,1
DA:237,1
DA:240,1
DA:242,0
DA:245,1
DA:249,1
DA:250,4
DA:251,4
DA:252,4
DA:255,4
DA:263,3
DA:264,1
DA:268,2
DA:269,1
DA:273,1
DA:277,1
DA:278,1
DA:280,0
DA:283,1
DA:287,1
DA:288,0
DA:289,0
DA:290,0
DA:293,0
DA:301,0
DA:302,0
DA:306,0
DA:307,0
DA:311,0
DA:312,0
DA:316,0
DA:320,0
DA:322,0
DA:323,0
DA:326,0
DA:327,0
DA:333,0
DA:336,0
DA:338,0
DA:341,0
DA:345,1
DA:346,0
DA:347,0
DA:349,0
DA:356,0
DA:358,0
DA:363,0
LF:111
LH:81
BRDA:65,0,0,1
BRDA:65,0,1,1
BRDA:100,1,0,1
BRDA:100,1,1,1
BRDA:131,2,0,0
BRDA:131,2,1,3
BRDA:135,3,0,1
BRDA:135,3,1,2
BRDA:146,4,0,1
BRDA:146,4,1,1
BRDA:215,5,0,1
BRDA:215,5,1,2
BRDA:220,6,0,1
BRDA:220,6,1,1
BRDA:225,7,0,0
BRDA:225,7,1,1
BRDA:225,8,0,1
BRDA:225,8,1,1
BRDA:234,9,0,1
BRDA:234,9,1,0
BRDA:235,10,0,1
BRDA:235,10,1,0
BRDA:263,11,0,1
BRDA:263,11,1,2
BRDA:268,12,0,1
BRDA:268,12,1,1
BRDA:277,13,0,1
BRDA:277,13,1,0
BRDA:301,14,0,0
BRDA:301,14,1,0
BRDA:306,15,0,0
BRDA:306,15,1,0
BRDA:311,16,0,0
BRDA:311,16,1,0
BRDA:320,17,0,0
BRDA:320,17,1,0
BRDA:322,18,0,0
BRDA:322,18,1,0
BRF:38
BRH:23
end_of_record
TN:
SF:app/controllers/review.controller.js
FN:9,(anonymous_0)
FN:20,(anonymous_1)
FN:31,(anonymous_2)
FN:48,(anonymous_3)
FN:81,(anonymous_4)
FN:110,(anonymous_5)
FN:123,(anonymous_6)
FN:161,(anonymous_7)
FN:172,(anonymous_8)
FNF:9
FNH:6
FNDA:2,(anonymous_0)
FNDA:2,(anonymous_1)
FNDA:3,(anonymous_2)
FNDA:4,(anonymous_3)
FNDA:4,(anonymous_4)
FNDA:3,(anonymous_5)
FNDA:0,(anonymous_6)
FNDA:0,(anonymous_7)
FNDA:0,(anonymous_8)
DA:1,1
DA:2,1
DA:3,1
DA:4,1
DA:5,1
DA:6,1
DA:9,1
DA:10,2
DA:11,2
DA:12,2
DA:13,1
DA:15,1
DA:20,1
DA:21,2
DA:22,2
DA:23,2
DA:24,1
DA:26,1
DA:31,1
DA:32,3
DA:33,3
DA:34,3
DA:36,3
DA:37,1
DA:40,2
DA:41,1
DA:43,1
DA:48,1
DA:49,4
DA:50,4
DA:51,4
DA:53,4
DA:54,4
DA:55,3
DA:56,1
DA:60,2
DA:61,1
DA:65,1
DA:70,1
DA:71,1
DA:73,0
DA:76,1
DA:81,1
DA:82,4
DA:83,4
DA:85,4
DA:86,4
DA:87,3
DA:88,1
DA:92,2
DA:93,1
DA:96,1
DA:100,1
DA:101,1
DA:103,0
DA:106,1
DA:110,1
DA:111,3
DA:112,3
DA:113,3
DA:114,2
DA:115,1
DA:117,1
DA:119,1
DA:123,1
DA:124,0
DA:140,0
DA:141,0
DA:144,0
DA:159,0
DA:161,0
DA:164,0
DA:165,0
DA:168,0
DA:172,1
DA:173,0
DA:174,0
DA:175,0
DA:182,0
DA:183,0
DA:188,0
DA:190,0
DA:191,0
DA:193,0
LF:84
LH:64
BRDA:36,0,0,1
BRDA:36,0,1,2
BRDA:36,1,0,3
BRDA:36,1,1,3
BRDA:36,1,2,2
BRDA:36,1,3,2
BRDA:55,2,0,1
BRDA:55,2,1,2
BRDA:60,3,0,1
BRDA:60,3,1,1
BRDA:70,4,0,1
BRDA:70,4,1,0
BRDA:87,5,0,1
BRDA:87,5,1,2
BRDA:92,6,0,1
BRDA:92,6,1,1
BRDA:100,7,0,1
BRDA:100,7,1,0
BRDA:114,8,0,1
BRDA:114,8,1,1
BRDA:140,9,0,0
BRDA:140,9,1,0
BRDA:164,10,0,0
BRDA:164,10,1,0
BRDA:164,11,0,0
BRDA:164,11,1,0
BRDA:175,12,0,0
BRDA:175,12,1,0
BRDA:176,13,0,0
BRDA:176,13,1,0
BRDA:176,13,2,0
BRDA:176,13,3,0
BRDA:176,13,4,0
BRF:33
BRH:18
end_of_record
TN:
SF:app/controllers/vehicle.controller.js
FN:4,(anonymous_0)
FN:16,(anonymous_1)
FN:32,(anonymous_2)
FN:64,(anonymous_3)
FN:93,(anonymous_4)
FNF:5
FNH:5
FNDA:2,(anonymous_0)
FNDA:3,(anonymous_1)
FNDA:4,(anonymous_2)
FNDA:4,(anonymous_3)
FNDA:3,(anonymous_4)
DA:1,1
DA:2,1
DA:4,1
DA:5,2
DA:6,2
DA:7,2
DA:10,1
DA:12,1
DA:16,1
DA:17,3
DA:18,3
DA:19,3
DA:21,3
DA:22,1
DA:25,2
DA:26,1
DA:28,1
DA:32,1
DA:33,4
DA:34,4
DA:35,4
DA:37,4
DA:38,4
DA:39,3
DA:40,1
DA:44,2
DA:45,1
DA:49,1
DA:54,1
DA:55,1
DA:57,0
DA:60,1
DA:64,1
DA:65,4
DA:66,4
DA:68,4
DA:69,4
DA:70,3
DA:71,1
DA:75,2
DA:76,1
DA:79,1
DA:83,1
DA:84,1
DA:86,0
DA:89,1
DA:93,1
DA:94,3
DA:95,3
DA:96,3
DA:97,2
DA:98,1
DA:100,1
DA:102,1
LF:54
LH:52
BRDA:21,0,0,1
BRDA:21,0,1,2
BRDA:21,1,0,3
BRDA:21,1,1,3
BRDA:21,1,2,2
BRDA:21,1,3,2
BRDA:39,2,0,1
BRDA:39,2,1,2
BRDA:44,3,0,1
BRDA:44,3,1,1
BRDA:54,4,0,1
BRDA:54,4,1,0
BRDA:70,5,0,1
BRDA:70,5,1,2
BRDA:75,6,0,1
BRDA:75,6,1,1
BRDA:83,7,0,1
BRDA:83,7,1,0
BRDA:97,8,0,1
BRDA:97,8,1,1
BRF:20
BRH:18
end_of_record
